\BOOKMARK [0][-]{chapter*.4}{Vorwort}{}% 1
\BOOKMARK [0][-]{chapter.1}{Kapitel 1}{}% 2
\BOOKMARK [1][-]{section.1.1}{Section}{chapter.1}% 3
\BOOKMARK [1][-]{section.1.2}{Section}{chapter.1}% 4
\BOOKMARK [1][-]{section.1.3}{Section}{chapter.1}% 5
\BOOKMARK [1][-]{section.1.4}{Section}{chapter.1}% 6
\BOOKMARK [2][-]{subsection.1.4.1}{Subsection}{section.1.4}% 7
\BOOKMARK [2][-]{subsection.1.4.2}{Subsection}{section.1.4}% 8
\BOOKMARK [0][-]{chapter.2}{Kapitel 2}{}% 9
\BOOKMARK [1][-]{section.2.1}{Section}{chapter.2}% 10
\BOOKMARK [1][-]{section.2.2}{Section}{chapter.2}% 11
\BOOKMARK [1][-]{section.2.3}{Section}{chapter.2}% 12
\BOOKMARK [1][-]{section.2.4}{Section}{chapter.2}% 13
\BOOKMARK [1][-]{section.2.5}{Section}{chapter.2}% 14
\BOOKMARK [1][-]{section.2.6}{Section}{chapter.2}% 15
\BOOKMARK [0][-]{chapter.3}{Kapitel 3}{}% 16
\BOOKMARK [1][-]{section.3.1}{Section}{chapter.3}% 17
\BOOKMARK [2][-]{subsection.3.1.1}{Subsection}{section.3.1}% 18
\BOOKMARK [2][-]{subsection.3.1.2}{Subsection}{section.3.1}% 19
\BOOKMARK [1][-]{section.3.2}{Section}{chapter.3}% 20
\BOOKMARK [2][-]{subsection.3.2.1}{Subsection}{section.3.2}% 21
\BOOKMARK [2][-]{subsection.3.2.2}{Subsection}{section.3.2}% 22
\BOOKMARK [1][-]{section.3.3}{Section}{chapter.3}% 23
\BOOKMARK [0][-]{chapter*.5}{Abbildungsverzeichnis}{}% 24
\BOOKMARK [0][-]{chapter*.6}{Tabellenverzeichnis}{}% 25
\BOOKMARK [0][-]{chapter*.7}{Glossar}{}% 26
\BOOKMARK [0][-]{chapter*.8}{Literaturverzeichnis}{}% 27
\BOOKMARK [0][-]{section*.9}{ANHANG}{}% 28
\BOOKMARK [0][-]{chapter*.13}{Eidesstattliche Erkl\344rung}{}% 29
