This is pdfTeX, Version 3.14159265-2.6-1.40.17 (MiKTeX 2.9.6210 64-bit) (preloaded format=pdflatex 2017.2.23)  10 JUL 2017 06:51
entering extended mode
**./draft.tex
(draft.tex
LaTeX2e <2017/01/01> patch level 1
Babel <3.9r> and hyphenation patterns for 75 language(s) loaded.
\@input{header.aux}
\openout2 = `header.aux'.

(header.tex ("C:\Program Files\MiKTeX 2.9\tex\latex\koma-script\scrbook.cls"
Document Class: scrbook 2017/01/03 v3.22 KOMA-Script document class (book)
("C:\Program Files\MiKTeX 2.9\tex\latex\koma-script\scrkbase.sty"
Package: scrkbase 2017/01/03 v3.22 KOMA-Script package (KOMA-Script-dependent b
asics and keyval usage)

("C:\Program Files\MiKTeX 2.9\tex\latex\koma-script\scrbase.sty"
Package: scrbase 2017/01/03 v3.22 KOMA-Script package (KOMA-Script-independent 
basics and keyval usage)

("C:\Program Files\MiKTeX 2.9\tex\latex\graphics\keyval.sty"
Package: keyval 2014/10/28 v1.15 key=value parser (DPC)
\KV@toks@=\toks14
)
("C:\Program Files\MiKTeX 2.9\tex\latex\koma-script\scrlfile.sty"
Package: scrlfile 2017/01/03 v3.22 KOMA-Script package (loading files)

Package scrlfile, 2017/01/03 v3.22 KOMA-Script package (loading files)
                  Copyright (C) Markus Kohm

))) ("C:\Program Files\MiKTeX 2.9\tex\latex\koma-script\tocbasic.sty"
Package: tocbasic 2017/01/03 v3.22 KOMA-Script package (handling toc-files)
\scr@dte@tocline@numberwidth=\skip41
\scr@dte@tocline@numbox=\box26
)
Package tocbasic Info: omitting babel extension for `toc'
(tocbasic)             because of feature `nobabel' available
(tocbasic)             for `toc' on input line 132.
Package tocbasic Info: omitting babel extension for `lof'
(tocbasic)             because of feature `nobabel' available
(tocbasic)             for `lof' on input line 133.
Package tocbasic Info: omitting babel extension for `lot'
(tocbasic)             because of feature `nobabel' available
(tocbasic)             for `lot' on input line 134.
Package tocbasic Info: defining new hook before heading of `' on input line 160
3.
Class scrbook Info: You've used standard option `oneside'.
(scrbook)           This is correct!
(scrbook)           Internally I'm using `twoside=false'.
(scrbook)           If you'd like to set the option with \KOMAoptions,
(scrbook)           you'd have to use `twoside=false' there
(scrbook)           instead of `oneside', too.
Class scrbook Info: File `scrsize11pt.clo' used instead of
(scrbook)           file `scrsize11.clo' to setup font sizes on input line 2270
.

("C:\Program Files\MiKTeX 2.9\tex\latex\koma-script\scrsize11pt.clo"
File: scrsize11pt.clo 2017/01/03 v3.22 KOMA-Script font size class option (11pt
)
)
("C:\Program Files\MiKTeX 2.9\tex\latex\koma-script\typearea.sty"
Package: typearea 2017/01/03 v3.22 KOMA-Script package (type area)

Package typearea, 2017/01/03 v3.22 KOMA-Script package (type area)
                  Copyright (C) Frank Neukam, 1992-1994
                  Copyright (C) Markus Kohm, 1994-

\ta@bcor=\skip42
\ta@div=\count79
Package typearea Info: You've used standard option `a4paper'.
(typearea)             This is correct!
(typearea)             Internally I'm using `paper=a4'.
(typearea)             If you'd like to set the option with \KOMAoptions,
(typearea)             you'd have to use `paper=a4' there
(typearea)             instead of `a4paper', too.
Package typearea Info: You've used standard option `oneside'.
(typearea)             This is correct!
(typearea)             Internally I'm using `twoside=false'.
(typearea)             If you'd like to set the option with \KOMAoptions,
(typearea)             you'd have to use `twoside=false' there
(typearea)             instead of `oneside', too.

Package typearea Warning: You've used obsolete option `DIV11'.
(typearea)                Usage of this option indicates an old document
(typearea)                and changes compatibility level using
(typearea)                `DIV=11,version=first,
(typearea)                enabledeprecatedfontcommands' that may result
(typearea)                in further warnings.
(typearea)                If you don't want this, you should simply
(typearea)                replace option `DIV11' by `DIV=11'.

Package typearea Info: Switching compatibility level to `first'.
\ta@hblk=\skip43
\ta@vblk=\skip44
\ta@temp=\skip45
\footheight=\skip46
Package typearea Info: These are the values describing the layout:
(typearea)             DIV  = 11
(typearea)             BCOR = 34.1433pt
(typearea)             \paperwidth      = 597.50793pt
(typearea)              \textwidth      = 409.71974pt
(typearea)              DIV departure   = -4%
(typearea)              \evensidemargin = 38.69576pt
(typearea)              \oddsidemargin  = 38.69576pt
(typearea)             \paperheight     = 845.04694pt
(typearea)              \textheight     = 623.00027pt
(typearea)              \topmargin      = -32.84755pt
(typearea)              \headheight     = 17.0pt
(typearea)              \headsep        = 20.40001pt
(typearea)              \topskip        = 11.0pt
(typearea)              \footskip       = 47.6pt
(typearea)              \baselineskip   = 13.6pt
(typearea)              on input line 1583.
)
\c@part=\count80
\c@chapter=\count81
\c@section=\count82
\c@subsection=\count83
\c@subsubsection=\count84
\c@paragraph=\count85
\c@subparagraph=\count86
\scr@dte@part@maxnumwidth=\skip47
\scr@dte@chapter@maxnumwidth=\skip48
\scr@dte@section@maxnumwidth=\skip49
\scr@dte@subsection@maxnumwidth=\skip50
\scr@dte@subsubsection@maxnumwidth=\skip51
\scr@dte@paragraph@maxnumwidth=\skip52
\scr@dte@subparagraph@maxnumwidth=\skip53
LaTeX Info: Redefining \textsubscript on input line 4826.
\abovecaptionskip=\skip54
\belowcaptionskip=\skip55
\c@pti@nb@sid@b@x=\box27
\c@figure=\count87
\c@table=\count88
Class scrbook Info: Redefining `\numberline' on input line 5893.
\bibindent=\dimen102
) ("C:\Program Files\MiKTeX 2.9\tex\generic\german\ngerman.sty"
v2.5e 1998-07-08
Package: ngerman 1998/07/08 v2.5e Support for writing german texts (br)
\grmnU@D=\dimen103
ngerman -- \language number for naustrian undefined, default 45 used.
) ("C:\Program Files\MiKTeX 2.9\tex\latex\base\inputenc.sty"
Package: inputenc 2015/03/17 v1.2c Input encoding file
\inpenc@prehook=\toks15
\inpenc@posthook=\toks16

("C:\Program Files\MiKTeX 2.9\tex\latex\ucs\utf8x.def"
File: utf8x.def 2004/10/17 UCS: Input encoding UTF-8
))
("C:\Program Files\MiKTeX 2.9\tex\latex\ucs\ucs.sty"
Package: ucs 2013/05/11 v2.2 UCS: Unicode input support

("C:\Program Files\MiKTeX 2.9\tex\latex\ucs\uni-global.def"
File: uni-global.def 2013/05/13 UCS: Unicode global data
)
\uc@secondtry=\count89
\uc@combtoks=\toks17
\uc@combtoksb=\toks18
\uc@temptokena=\toks19
)
("C:\Program Files\MiKTeX 2.9\tex\latex\base\fontenc.sty"
Package: fontenc 2017/01/24 v2.0c Standard LaTeX package

("C:\Program Files\MiKTeX 2.9\tex\latex\base\t1enc.def"
File: t1enc.def 2017/01/24 v2.0c Standard LaTeX file
LaTeX Font Info:    Redeclaring font encoding T1 on input line 48.
))
("C:\Program Files\MiKTeX 2.9\tex\latex\base\textcomp.sty"
Package: textcomp 2017/01/24 v2.0c Standard LaTeX package
Package textcomp Info: Sub-encoding information:
(textcomp)               5 = only ISO-Adobe without \textcurrency
(textcomp)               4 = 5 + \texteuro
(textcomp)               3 = 4 + \textohm
(textcomp)               2 = 3 + \textestimated + \textcurrency
(textcomp)               1 = TS1 - \textcircled - \t
(textcomp)               0 = TS1 (full)
(textcomp)             Font families with sub-encoding setting implement
(textcomp)             only a restricted character set as indicated.
(textcomp)             Family '?' is the default used for unknown fonts.
(textcomp)             See the documentation for details.
Package textcomp Info: Setting ? sub-encoding to TS1/1 on input line 79.

("C:\Program Files\MiKTeX 2.9\tex\latex\base\ts1enc.def"
File: ts1enc.def 2001/06/05 v3.0e (jk/car/fm) Standard LaTeX file
)
LaTeX Info: Redefining \oldstylenums on input line 334.
Package textcomp Info: Setting cmr sub-encoding to TS1/0 on input line 349.
Package textcomp Info: Setting cmss sub-encoding to TS1/0 on input line 350.
Package textcomp Info: Setting cmtt sub-encoding to TS1/0 on input line 351.
Package textcomp Info: Setting cmvtt sub-encoding to TS1/0 on input line 352.
Package textcomp Info: Setting cmbr sub-encoding to TS1/0 on input line 353.
Package textcomp Info: Setting cmtl sub-encoding to TS1/0 on input line 354.
Package textcomp Info: Setting ccr sub-encoding to TS1/0 on input line 355.
Package textcomp Info: Setting ptm sub-encoding to TS1/4 on input line 356.
Package textcomp Info: Setting pcr sub-encoding to TS1/4 on input line 357.
Package textcomp Info: Setting phv sub-encoding to TS1/4 on input line 358.
Package textcomp Info: Setting ppl sub-encoding to TS1/3 on input line 359.
Package textcomp Info: Setting pag sub-encoding to TS1/4 on input line 360.
Package textcomp Info: Setting pbk sub-encoding to TS1/4 on input line 361.
Package textcomp Info: Setting pnc sub-encoding to TS1/4 on input line 362.
Package textcomp Info: Setting pzc sub-encoding to TS1/4 on input line 363.
Package textcomp Info: Setting bch sub-encoding to TS1/4 on input line 364.
Package textcomp Info: Setting put sub-encoding to TS1/5 on input line 365.
Package textcomp Info: Setting uag sub-encoding to TS1/5 on input line 366.
Package textcomp Info: Setting ugq sub-encoding to TS1/5 on input line 367.
Package textcomp Info: Setting ul8 sub-encoding to TS1/4 on input line 368.
Package textcomp Info: Setting ul9 sub-encoding to TS1/4 on input line 369.
Package textcomp Info: Setting augie sub-encoding to TS1/5 on input line 370.
Package textcomp Info: Setting dayrom sub-encoding to TS1/3 on input line 371.
Package textcomp Info: Setting dayroms sub-encoding to TS1/3 on input line 372.

Package textcomp Info: Setting pxr sub-encoding to TS1/0 on input line 373.
Package textcomp Info: Setting pxss sub-encoding to TS1/0 on input line 374.
Package textcomp Info: Setting pxtt sub-encoding to TS1/0 on input line 375.
Package textcomp Info: Setting txr sub-encoding to TS1/0 on input line 376.
Package textcomp Info: Setting txss sub-encoding to TS1/0 on input line 377.
Package textcomp Info: Setting txtt sub-encoding to TS1/0 on input line 378.
Package textcomp Info: Setting lmr sub-encoding to TS1/0 on input line 379.
Package textcomp Info: Setting lmdh sub-encoding to TS1/0 on input line 380.
Package textcomp Info: Setting lmss sub-encoding to TS1/0 on input line 381.
Package textcomp Info: Setting lmssq sub-encoding to TS1/0 on input line 382.
Package textcomp Info: Setting lmvtt sub-encoding to TS1/0 on input line 383.
Package textcomp Info: Setting lmtt sub-encoding to TS1/0 on input line 384.
Package textcomp Info: Setting qhv sub-encoding to TS1/0 on input line 385.
Package textcomp Info: Setting qag sub-encoding to TS1/0 on input line 386.
Package textcomp Info: Setting qbk sub-encoding to TS1/0 on input line 387.
Package textcomp Info: Setting qcr sub-encoding to TS1/0 on input line 388.
Package textcomp Info: Setting qcs sub-encoding to TS1/0 on input line 389.
Package textcomp Info: Setting qpl sub-encoding to TS1/0 on input line 390.
Package textcomp Info: Setting qtm sub-encoding to TS1/0 on input line 391.
Package textcomp Info: Setting qzc sub-encoding to TS1/0 on input line 392.
Package textcomp Info: Setting qhvc sub-encoding to TS1/0 on input line 393.
Package textcomp Info: Setting futs sub-encoding to TS1/4 on input line 394.
Package textcomp Info: Setting futx sub-encoding to TS1/4 on input line 395.
Package textcomp Info: Setting futj sub-encoding to TS1/4 on input line 396.
Package textcomp Info: Setting hlh sub-encoding to TS1/3 on input line 397.
Package textcomp Info: Setting hls sub-encoding to TS1/3 on input line 398.
Package textcomp Info: Setting hlst sub-encoding to TS1/3 on input line 399.
Package textcomp Info: Setting hlct sub-encoding to TS1/5 on input line 400.
Package textcomp Info: Setting hlx sub-encoding to TS1/5 on input line 401.
Package textcomp Info: Setting hlce sub-encoding to TS1/5 on input line 402.
Package textcomp Info: Setting hlcn sub-encoding to TS1/5 on input line 403.
Package textcomp Info: Setting hlcw sub-encoding to TS1/5 on input line 404.
Package textcomp Info: Setting hlcf sub-encoding to TS1/5 on input line 405.
Package textcomp Info: Setting pplx sub-encoding to TS1/3 on input line 406.
Package textcomp Info: Setting pplj sub-encoding to TS1/3 on input line 407.
Package textcomp Info: Setting ptmx sub-encoding to TS1/4 on input line 408.
Package textcomp Info: Setting ptmj sub-encoding to TS1/4 on input line 409.
)
("C:\Program Files\MiKTeX 2.9\tex\latex\eurosym\eurosym.sty"
Package: eurosym 1998/08/06 v1.1 European currency symbol ``Euro''
\@eurobox=\box28
)
("C:\Program Files\MiKTeX 2.9\tex\latex\framed\framed.sty"
Package: framed 2011/10/22 v 0.96: framed or shaded text with page breaks
\OuterFrameSep=\skip56
\fb@frw=\dimen104
\fb@frh=\dimen105
\FrameRule=\dimen106
\FrameSep=\dimen107
)
("C:\Program Files\MiKTeX 2.9\tex\latex\amsmath\amsmath.sty"
Package: amsmath 2016/11/05 v2.16a AMS math features
\@mathmargin=\skip57

For additional information on amsmath, use the `?' option.
("C:\Program Files\MiKTeX 2.9\tex\latex\amsmath\amstext.sty"
Package: amstext 2000/06/29 v2.01 AMS text

("C:\Program Files\MiKTeX 2.9\tex\latex\amsmath\amsgen.sty"
File: amsgen.sty 1999/11/30 v2.0 generic functions
\@emptytoks=\toks20
\ex@=\dimen108
))
("C:\Program Files\MiKTeX 2.9\tex\latex\amsmath\amsbsy.sty"
Package: amsbsy 1999/11/29 v1.2d Bold Symbols
\pmbraise@=\dimen109
)
("C:\Program Files\MiKTeX 2.9\tex\latex\amsmath\amsopn.sty"
Package: amsopn 2016/03/08 v2.02 operator names
)
\inf@bad=\count90
LaTeX Info: Redefining \frac on input line 213.
\uproot@=\count91
\leftroot@=\count92
LaTeX Info: Redefining \overline on input line 375.
\classnum@=\count93
\DOTSCASE@=\count94
LaTeX Info: Redefining \ldots on input line 472.
LaTeX Info: Redefining \dots on input line 475.
LaTeX Info: Redefining \cdots on input line 596.
\Mathstrutbox@=\box29
\strutbox@=\box30
\big@size=\dimen110
LaTeX Font Info:    Redeclaring font encoding OML on input line 712.
LaTeX Font Info:    Redeclaring font encoding OMS on input line 713.
\macc@depth=\count95
\c@MaxMatrixCols=\count96
\dotsspace@=\muskip10
\c@parentequation=\count97
\dspbrk@lvl=\count98
\tag@help=\toks21
\row@=\count99
\column@=\count100
\maxfields@=\count101
\andhelp@=\toks22
\eqnshift@=\dimen111
\alignsep@=\dimen112
\tagshift@=\dimen113
\tagwidth@=\dimen114
\totwidth@=\dimen115
\lineht@=\dimen116
\@envbody=\toks23
\multlinegap=\skip58
\multlinetaggap=\skip59
\mathdisplay@stack=\toks24
LaTeX Info: Redefining \[ on input line 2817.
LaTeX Info: Redefining \] on input line 2818.
)
("C:\Program Files\MiKTeX 2.9\tex\latex\graphics\graphicx.sty"
Package: graphicx 2014/10/28 v1.0g Enhanced LaTeX Graphics (DPC,SPQR)

("C:\Program Files\MiKTeX 2.9\tex\latex\graphics\graphics.sty"
Package: graphics 2016/10/09 v1.0u Standard LaTeX Graphics (DPC,SPQR)

("C:\Program Files\MiKTeX 2.9\tex\latex\graphics\trig.sty"
Package: trig 2016/01/03 v1.10 sin cos tan (DPC)
)
("C:\Program Files\MiKTeX 2.9\tex\latex\graphics-cfg\graphics.cfg"
File: graphics.cfg 2016/06/04 v1.11 sample graphics configuration
)
Package graphics Info: Driver file: pdftex.def on input line 99.

("C:\Program Files\MiKTeX 2.9\tex\latex\graphics-def\pdftex.def"
File: pdftex.def 2017/01/12 v0.06k Graphics/color for pdfTeX

("C:\Program Files\MiKTeX 2.9\tex\generic\oberdiek\infwarerr.sty"
Package: infwarerr 2016/05/16 v1.4 Providing info/warning/error messages (HO)
)
("C:\Program Files\MiKTeX 2.9\tex\generic\oberdiek\ltxcmds.sty"
Package: ltxcmds 2016/05/16 v1.23 LaTeX kernel commands for general use (HO)
)
\Gread@gobject=\count102
))
\Gin@req@height=\dimen117
\Gin@req@width=\dimen118
)

Class scrbook Warning: Usage of package `fancyhdr' together
(scrbook)              with a KOMA-Script class is not recommended.
(scrbook)              I'd suggest to use 
(scrbook)              package `scrlayer-scrpage'.
(scrbook)              Nevertheless, using requested
(scrbook)              package `fancyhdr' on input line 27.

("C:\Program Files\MiKTeX 2.9\tex\latex\fancyhdr\fancyhdr.sty"
Package: fancyhdr 2016/09/06 3.8 Extensive control of page headers and footers
\fancy@headwidth=\skip60
\f@ncyO@elh=\skip61
\f@ncyO@erh=\skip62
\f@ncyO@olh=\skip63
\f@ncyO@orh=\skip64
\f@ncyO@elf=\skip65
\f@ncyO@erf=\skip66
\f@ncyO@olf=\skip67
\f@ncyO@orf=\skip68
)

Package Fancyhdr Warning: \fancyhead's `E' option without twoside option is use
less on input line 33.

("C:\Program Files\MiKTeX 2.9\tex\latex\xargs\xargs.sty"
Package: xargs 2008/03/22 v1.1  extended macro definitions  (mpg)

("C:\Program Files\MiKTeX 2.9\tex\latex\xkeyval\xkeyval.sty"
Package: xkeyval 2014/12/03 v2.7a package option processing (HA)

("C:\Program Files\MiKTeX 2.9\tex\generic\xkeyval\xkeyval.tex"
("C:\Program Files\MiKTeX 2.9\tex\generic\xkeyval\xkvutils.tex"
\XKV@toks=\toks25
\XKV@tempa@toks=\toks26
)
\XKV@depth=\count103
File: xkeyval.tex 2014/12/03 v2.7a key=value parser (HA)
))
\xargs@max=\count104
\xargs@toksa=\toks27
\xargs@toksb=\toks28
)
("C:\Program Files\MiKTeX 2.9\tex\latex\todonotes\todonotes.sty"
Package: todonotes 2015/07/09 .dtx Todonotes source and documentation.
Package: todonotes 2012/07/25

("C:\Program Files\MiKTeX 2.9\tex\latex\base\ifthen.sty"
Package: ifthen 2014/09/29 v1.1c Standard LaTeX ifthen package (DPC)
)
("C:\Program Files\MiKTeX 2.9\tex\latex\xcolor\xcolor.sty"
Package: xcolor 2016/05/11 v2.12 LaTeX color extensions (UK)

("C:\Program Files\MiKTeX 2.9\tex\latex\graphics-cfg\color.cfg"
File: color.cfg 2016/01/02 v1.6 sample color configuration
)
Package xcolor Info: Driver file: pdftex.def on input line 225.
Package xcolor Info: Model `cmy' substituted by `cmy0' on input line 1348.
Package xcolor Info: Model `hsb' substituted by `rgb' on input line 1352.
Package xcolor Info: Model `RGB' extended on input line 1364.
Package xcolor Info: Model `HTML' substituted by `rgb' on input line 1366.
Package xcolor Info: Model `Hsb' substituted by `hsb' on input line 1367.
Package xcolor Info: Model `tHsb' substituted by `hsb' on input line 1368.
Package xcolor Info: Model `HSB' substituted by `hsb' on input line 1369.
Package xcolor Info: Model `Gray' substituted by `gray' on input line 1370.
Package xcolor Info: Model `wave' substituted by `hsb' on input line 1371.
)
("C:\Program Files\MiKTeX 2.9\tex\latex\pgf\frontendlayer\tikz.sty"
("C:\Program Files\MiKTeX 2.9\tex\latex\pgf\basiclayer\pgf.sty"
("C:\Program Files\MiKTeX 2.9\tex\latex\pgf\utilities\pgfrcs.sty"
("C:\Program Files\MiKTeX 2.9\tex\generic\pgf\utilities\pgfutil-common.tex"
\pgfutil@everybye=\toks29
\pgfutil@tempdima=\dimen119
\pgfutil@tempdimb=\dimen120

("C:\Program Files\MiKTeX 2.9\tex\generic\pgf\utilities\pgfutil-common-lists.te
x")) ("C:\Program Files\MiKTeX 2.9\tex\generic\pgf\utilities\pgfutil-latex.def"
\pgfutil@abb=\box31
("C:\Program Files\MiKTeX 2.9\tex\latex\ms\everyshi.sty"
Package: everyshi 2001/05/15 v3.00 EveryShipout Package (MS)
))
("C:\Program Files\MiKTeX 2.9\tex\generic\pgf\utilities\pgfrcs.code.tex"
Package: pgfrcs 2015/08/07 v3.0.1a (rcs-revision 1.31)
))
Package: pgf 2015/08/07 v3.0.1a (rcs-revision 1.15)

("C:\Program Files\MiKTeX 2.9\tex\latex\pgf\basiclayer\pgfcore.sty"
("C:\Program Files\MiKTeX 2.9\tex\latex\pgf\systemlayer\pgfsys.sty"
("C:\Program Files\MiKTeX 2.9\tex\generic\pgf\systemlayer\pgfsys.code.tex"
Package: pgfsys 2014/07/09 v3.0.1a (rcs-revision 1.48)

("C:\Program Files\MiKTeX 2.9\tex\generic\pgf\utilities\pgfkeys.code.tex"
\pgfkeys@pathtoks=\toks30
\pgfkeys@temptoks=\toks31

("C:\Program Files\MiKTeX 2.9\tex\generic\pgf\utilities\pgfkeysfiltered.code.te
x"
\pgfkeys@tmptoks=\toks32
))
\pgf@x=\dimen121
\pgf@y=\dimen122
\pgf@xa=\dimen123
\pgf@ya=\dimen124
\pgf@xb=\dimen125
\pgf@yb=\dimen126
\pgf@xc=\dimen127
\pgf@yc=\dimen128
\w@pgf@writea=\write3
\r@pgf@reada=\read1
\c@pgf@counta=\count105
\c@pgf@countb=\count106
\c@pgf@countc=\count107
\c@pgf@countd=\count108
\t@pgf@toka=\toks33
\t@pgf@tokb=\toks34
\t@pgf@tokc=\toks35
 ("C:\Program Files\MiKTeX 2.9\tex\generic\pgf\systemlayer\pgf.cfg"
File: pgf.cfg 2008/05/14  (rcs-revision 1.7)
)
Driver file for pgf: pgfsys-pdftex.def

("C:\Program Files\MiKTeX 2.9\tex\generic\pgf\systemlayer\pgfsys-pdftex.def"
File: pgfsys-pdftex.def 2014/10/11  (rcs-revision 1.35)

("C:\Program Files\MiKTeX 2.9\tex\generic\pgf\systemlayer\pgfsys-common-pdf.def
"
File: pgfsys-common-pdf.def 2013/10/10  (rcs-revision 1.13)
)))
("C:\Program Files\MiKTeX 2.9\tex\generic\pgf\systemlayer\pgfsyssoftpath.code.t
ex"
File: pgfsyssoftpath.code.tex 2013/09/09  (rcs-revision 1.9)
\pgfsyssoftpath@smallbuffer@items=\count109
\pgfsyssoftpath@bigbuffer@items=\count110
)
("C:\Program Files\MiKTeX 2.9\tex\generic\pgf\systemlayer\pgfsysprotocol.code.t
ex"
File: pgfsysprotocol.code.tex 2006/10/16  (rcs-revision 1.4)
)) ("C:\Program Files\MiKTeX 2.9\tex\generic\pgf\basiclayer\pgfcore.code.tex"
Package: pgfcore 2010/04/11 v3.0.1a (rcs-revision 1.7)
 ("C:\Program Files\MiKTeX 2.9\tex\generic\pgf\math\pgfmath.code.tex"
("C:\Program Files\MiKTeX 2.9\tex\generic\pgf\math\pgfmathcalc.code.tex"
("C:\Program Files\MiKTeX 2.9\tex\generic\pgf\math\pgfmathutil.code.tex")
("C:\Program Files\MiKTeX 2.9\tex\generic\pgf\math\pgfmathparser.code.tex"
\pgfmath@dimen=\dimen129
\pgfmath@count=\count111
\pgfmath@box=\box32
\pgfmath@toks=\toks36
\pgfmath@stack@operand=\toks37
\pgfmath@stack@operation=\toks38
)
("C:\Program Files\MiKTeX 2.9\tex\generic\pgf\math\pgfmathfunctions.code.tex"
("C:\Program Files\MiKTeX 2.9\tex\generic\pgf\math\pgfmathfunctions.basic.code.
tex")
("C:\Program Files\MiKTeX 2.9\tex\generic\pgf\math\pgfmathfunctions.trigonometr
ic.code.tex")
("C:\Program Files\MiKTeX 2.9\tex\generic\pgf\math\pgfmathfunctions.random.code
.tex")
("C:\Program Files\MiKTeX 2.9\tex\generic\pgf\math\pgfmathfunctions.comparison.
code.tex")
("C:\Program Files\MiKTeX 2.9\tex\generic\pgf\math\pgfmathfunctions.base.code.t
ex")
("C:\Program Files\MiKTeX 2.9\tex\generic\pgf\math\pgfmathfunctions.round.code.
tex")
("C:\Program Files\MiKTeX 2.9\tex\generic\pgf\math\pgfmathfunctions.misc.code.t
ex")
("C:\Program Files\MiKTeX 2.9\tex\generic\pgf\math\pgfmathfunctions.integerarit
hmetics.code.tex")))
("C:\Program Files\MiKTeX 2.9\tex\generic\pgf\math\pgfmathfloat.code.tex"
\c@pgfmathroundto@lastzeros=\count112
))
("C:\Program Files\MiKTeX 2.9\tex\generic\pgf\basiclayer\pgfcorepoints.code.tex
"
File: pgfcorepoints.code.tex 2013/10/07  (rcs-revision 1.27)
\pgf@picminx=\dimen130
\pgf@picmaxx=\dimen131
\pgf@picminy=\dimen132
\pgf@picmaxy=\dimen133
\pgf@pathminx=\dimen134
\pgf@pathmaxx=\dimen135
\pgf@pathminy=\dimen136
\pgf@pathmaxy=\dimen137
\pgf@xx=\dimen138
\pgf@xy=\dimen139
\pgf@yx=\dimen140
\pgf@yy=\dimen141
\pgf@zx=\dimen142
\pgf@zy=\dimen143
)
("C:\Program Files\MiKTeX 2.9\tex\generic\pgf\basiclayer\pgfcorepathconstruct.c
ode.tex"
File: pgfcorepathconstruct.code.tex 2013/10/07  (rcs-revision 1.29)
\pgf@path@lastx=\dimen144
\pgf@path@lasty=\dimen145
)
("C:\Program Files\MiKTeX 2.9\tex\generic\pgf\basiclayer\pgfcorepathusage.code.
tex"
File: pgfcorepathusage.code.tex 2014/11/02  (rcs-revision 1.24)
\pgf@shorten@end@additional=\dimen146
\pgf@shorten@start@additional=\dimen147
)
("C:\Program Files\MiKTeX 2.9\tex\generic\pgf\basiclayer\pgfcorescopes.code.tex
"
File: pgfcorescopes.code.tex 2015/05/08  (rcs-revision 1.46)
\pgfpic=\box33
\pgf@hbox=\box34
\pgf@layerbox@main=\box35
\pgf@picture@serial@count=\count113
)
("C:\Program Files\MiKTeX 2.9\tex\generic\pgf\basiclayer\pgfcoregraphicstate.co
de.tex"
File: pgfcoregraphicstate.code.tex 2014/11/02  (rcs-revision 1.12)
\pgflinewidth=\dimen148
)
("C:\Program Files\MiKTeX 2.9\tex\generic\pgf\basiclayer\pgfcoretransformations
.code.tex"
File: pgfcoretransformations.code.tex 2015/08/07  (rcs-revision 1.20)
\pgf@pt@x=\dimen149
\pgf@pt@y=\dimen150
\pgf@pt@temp=\dimen151
)
("C:\Program Files\MiKTeX 2.9\tex\generic\pgf\basiclayer\pgfcorequick.code.tex"
File: pgfcorequick.code.tex 2008/10/09  (rcs-revision 1.3)
)
("C:\Program Files\MiKTeX 2.9\tex\generic\pgf\basiclayer\pgfcoreobjects.code.te
x"
File: pgfcoreobjects.code.tex 2006/10/11  (rcs-revision 1.2)
)
("C:\Program Files\MiKTeX 2.9\tex\generic\pgf\basiclayer\pgfcorepathprocessing.
code.tex"
File: pgfcorepathprocessing.code.tex 2013/09/09  (rcs-revision 1.9)
)
("C:\Program Files\MiKTeX 2.9\tex\generic\pgf\basiclayer\pgfcorearrows.code.tex
"
File: pgfcorearrows.code.tex 2015/05/14  (rcs-revision 1.43)
\pgfarrowsep=\dimen152
)
("C:\Program Files\MiKTeX 2.9\tex\generic\pgf\basiclayer\pgfcoreshade.code.tex"
File: pgfcoreshade.code.tex 2013/07/15  (rcs-revision 1.15)
\pgf@max=\dimen153
\pgf@sys@shading@range@num=\count114
) ("C:\Program Files\MiKTeX 2.9\tex\generic\pgf\basiclayer\pgfcoreimage.code.te
x"
File: pgfcoreimage.code.tex 2013/07/15  (rcs-revision 1.18)

("C:\Program Files\MiKTeX 2.9\tex\generic\pgf\basiclayer\pgfcoreexternal.code.t
ex"
File: pgfcoreexternal.code.tex 2014/07/09  (rcs-revision 1.21)
\pgfexternal@startupbox=\box36
))
("C:\Program Files\MiKTeX 2.9\tex\generic\pgf\basiclayer\pgfcorelayers.code.tex
"
File: pgfcorelayers.code.tex 2013/07/18  (rcs-revision 1.7)
)
("C:\Program Files\MiKTeX 2.9\tex\generic\pgf\basiclayer\pgfcoretransparency.co
de.tex"
File: pgfcoretransparency.code.tex 2013/09/30  (rcs-revision 1.5)
)
("C:\Program Files\MiKTeX 2.9\tex\generic\pgf\basiclayer\pgfcorepatterns.code.t
ex"
File: pgfcorepatterns.code.tex 2013/11/07  (rcs-revision 1.5)
)))
("C:\Program Files\MiKTeX 2.9\tex\generic\pgf\modules\pgfmoduleshapes.code.tex"
File: pgfmoduleshapes.code.tex 2014/03/21  (rcs-revision 1.35)
\pgfnodeparttextbox=\box37
) ("C:\Program Files\MiKTeX 2.9\tex\generic\pgf\modules\pgfmoduleplot.code.tex"
File: pgfmoduleplot.code.tex 2015/08/03  (rcs-revision 1.13)
)
("C:\Program Files\MiKTeX 2.9\tex\latex\pgf\compatibility\pgfcomp-version-0-65.
sty"
Package: pgfcomp-version-0-65 2007/07/03 v3.0.1a (rcs-revision 1.7)
\pgf@nodesepstart=\dimen154
\pgf@nodesepend=\dimen155
)
("C:\Program Files\MiKTeX 2.9\tex\latex\pgf\compatibility\pgfcomp-version-1-18.
sty"
Package: pgfcomp-version-1-18 2007/07/23 v3.0.1a (rcs-revision 1.1)
)) ("C:\Program Files\MiKTeX 2.9\tex\latex\pgf\utilities\pgffor.sty"
("C:\Program Files\MiKTeX 2.9\tex\latex\pgf\utilities\pgfkeys.sty"
("C:\Program Files\MiKTeX 2.9\tex\generic\pgf\utilities\pgfkeys.code.tex"))
("C:\Program Files\MiKTeX 2.9\tex\latex\pgf\math\pgfmath.sty"
("C:\Program Files\MiKTeX 2.9\tex\generic\pgf\math\pgfmath.code.tex"))
("C:\Program Files\MiKTeX 2.9\tex\generic\pgf\utilities\pgffor.code.tex"
Package: pgffor 2013/12/13 v3.0.1a (rcs-revision 1.25)

("C:\Program Files\MiKTeX 2.9\tex\generic\pgf\math\pgfmath.code.tex")
\pgffor@iter=\dimen156
\pgffor@skip=\dimen157
\pgffor@stack=\toks39
\pgffor@toks=\toks40
))
("C:\Program Files\MiKTeX 2.9\tex\generic\pgf\frontendlayer\tikz\tikz.code.tex"
Package: tikz 2015/08/07 v3.0.1a (rcs-revision 1.151)

("C:\Program Files\MiKTeX 2.9\tex\generic\pgf\libraries\pgflibraryplothandlers.
code.tex"
File: pgflibraryplothandlers.code.tex 2013/08/31 v3.0.1a (rcs-revision 1.20)
\pgf@plot@mark@count=\count115
\pgfplotmarksize=\dimen158
)
\tikz@lastx=\dimen159
\tikz@lasty=\dimen160
\tikz@lastxsaved=\dimen161
\tikz@lastysaved=\dimen162
\tikzleveldistance=\dimen163
\tikzsiblingdistance=\dimen164
\tikz@figbox=\box38
\tikz@figbox@bg=\box39
\tikz@tempbox=\box40
\tikz@tempbox@bg=\box41
\tikztreelevel=\count116
\tikznumberofchildren=\count117
\tikznumberofcurrentchild=\count118
\tikz@fig@count=\count119

("C:\Program Files\MiKTeX 2.9\tex\generic\pgf\modules\pgfmodulematrix.code.tex"
File: pgfmodulematrix.code.tex 2013/09/17  (rcs-revision 1.8)
\pgfmatrixcurrentrow=\count120
\pgfmatrixcurrentcolumn=\count121
\pgf@matrix@numberofcolumns=\count122
)
\tikz@expandcount=\count123

("C:\Program Files\MiKTeX 2.9\tex\generic\pgf\frontendlayer\tikz\libraries\tikz
librarytopaths.code.tex"
File: tikzlibrarytopaths.code.tex 2008/06/17 v3.0.1a (rcs-revision 1.2)
)))
("C:\Program Files\MiKTeX 2.9\tex\generic\pgf\frontendlayer\tikz\libraries\tikz
librarypositioning.code.tex"
File: tikzlibrarypositioning.code.tex 2008/10/06 v3.0.1a (rcs-revision 1.7)
)
("C:\Program Files\MiKTeX 2.9\tex\latex\tools\calc.sty"
Package: calc 2014/10/28 v4.3 Infix arithmetic (KKT,FJ)
\calc@Acount=\count124
\calc@Bcount=\count125
\calc@Adimen=\dimen165
\calc@Bdimen=\dimen166
\calc@Askip=\skip69
\calc@Bskip=\skip70
LaTeX Info: Redefining \setlength on input line 80.
LaTeX Info: Redefining \addtolength on input line 81.
\calc@Ccount=\count126
\calc@Cskip=\skip71
)
\c@@todonotes@numberoftodonotes=\count127
)
("C:\Program Files\MiKTeX 2.9\tex\latex\nomencl\nomencl.sty"
Package: nomencl 2005/09/22 v4.2 Nomenclature package (LN)
\nomlabelwidth=\dimen167
\nom@tempdim=\dimen168
\nomitemsep=\skip72
)
\@nomenclaturefile=\write4
\openout4 = `draft.nlo'.


Writing nomenclature file draft.nlo
("C:\Program Files\MiKTeX 2.9\tex\latex\acronym\acronym.sty"
Package: acronym 2015/03/21 v1.41 Support for acronyms (Tobias Oetiker)

("C:\Program Files\MiKTeX 2.9\tex\latex\bigfoot\suffix.sty"
Package: suffix 2006/07/15 1.5a Variant command support
)
("C:\Program Files\MiKTeX 2.9\tex\latex\xstring\xstring.sty"
("C:\Program Files\MiKTeX 2.9\tex\generic\xstring\xstring.tex"
\@xs@message=\write5
\integerpart=\count128
\decimalpart=\count129
)
Package: xstring 2013/10/13  v1.7c  String manipulations (C Tellechea)
)
("C:\Program Files\MiKTeX 2.9\tex\latex\ltxmisc\relsize.sty"
Package: relsize 2003/07/04 ver 3.1
)
\AC@clearlist=\toks41
)
("C:\Program Files\MiKTeX 2.9\tex\latex\natbib\natbib.sty"
Package: natbib 2010/09/13 8.31b (PWD, AO)
\bibhang=\skip73
\bibsep=\skip74
LaTeX Info: Redefining \cite on input line 694.
\c@NAT@ctr=\count130

Local config file natbib.cfg used
(natbib.cfg)) ("C:\Program Files\MiKTeX 2.9\tex\latex\url\url.sty"
\Urlmuskip=\muskip11
Package: url 2013/09/16  ver 3.4  Verb mode for urls, etc.
)
("C:\Program Files\MiKTeX 2.9\tex\latex\setspace\setspace.sty"
Package: setspace 2011/12/19 v6.7a set line spacing
)
("C:\Program Files\MiKTeX 2.9\tex\generic\babel\babel.sty"
Package: babel 2016/04/23 3.9r The Babel package

*************************************
* Local config file bblopts.cfg used
*
("C:\Program Files\MiKTeX 2.9\tex\latex\arabi\bblopts.cfg"
File: bblopts.cfg 2005/09/08 v0.1 add Arabic and Farsi to \errhelp {Use `` for 
a simple double quote character.}\errmessage {ngerman: The command "d is undefi
ned}``declaredöptions of babel
)
("C:\Program Files\MiKTeX 2.9\tex\latex\babel-german\ngerman.ldf"
Language: ngerman 2016/11/02 v2.9 German support for babel (new orthography)

("C:\Program Files\MiKTeX 2.9\tex\latex\babel-german\ngermanb.ldf"
Language: ngermanb 2016/11/02 v2.9 German support for babel (new orthography)

("C:\Program Files\MiKTeX 2.9\tex\generic\babel\babel.def"
File: babel.def 2016/04/23 3.9r Babel common definitions
\babel@savecnt=\count131
\U@D=\dimen169
))))
("C:\Program Files\MiKTeX 2.9\tex\latex\csquotes\csquotes.sty"
Package: csquotes 2017/02/03 v5.2a context-sensitive quotations (JAW)

("C:\Program Files\MiKTeX 2.9\tex\latex\etoolbox\etoolbox.sty"
Package: etoolbox 2017/01/02 v2.4 e-TeX tools for LaTeX (JAW)
\etb@tempcnta=\count132
)
\csq@reset=\count133
\csq@gtype=\count134
\csq@glevel=\count135
\csq@qlevel=\count136
\csq@maxlvl=\count137
\csq@tshold=\count138
\csq@ltx@everypar=\toks42

("C:\Program Files\MiKTeX 2.9\tex\latex\csquotes\csquotes.def"
File: csquotes.def 2017/02/03 v5.2a csquotes generic definitions (JAW)
)
Package csquotes Info: Trying to load configuration file 'csquotes.cfg'...
Package csquotes Info: ... configuration file loaded successfully.

("C:\Program Files\MiKTeX 2.9\tex\latex\csquotes\csquotes.cfg"
File: csquotes.cfg 
)
Package csquotes Info: Option 'babel' depreciated.
(csquotes)             Using 'autostyle'.
Package csquotes Info: Enabling multilingual quotes.
Package csquotes Info: Redefining alias 'german' -> 'german/quotes'.
)
("C:\Program Files\MiKTeX 2.9\tex\latex\colortbl\colortbl.sty"
Package: colortbl 2012/02/13 v1.0a Color table columns (DPC)

("C:\Program Files\MiKTeX 2.9\tex\latex\tools\array.sty"
Package: array 2016/10/06 v2.4d Tabular extension package (FMi)
\col@sep=\dimen170
\extrarowheight=\dimen171
\NC@list=\toks43
\extratabsurround=\skip75
\backup@length=\skip76
)
\everycr=\toks44
\minrowclearance=\skip77
)
("C:\Program Files\MiKTeX 2.9\tex\latex\graphics\rotating.sty"
Package: rotating 2016/08/11 v2.16d rotated objects in LaTeX
\c@r@tfl@t=\count139
\rotFPtop=\skip78
\rotFPbot=\skip79
\rot@float@box=\box42
\rot@mess@toks=\toks45
)
("C:\Program Files\MiKTeX 2.9\tex\latex\graphics\lscape.sty"
Package: lscape 2000/10/22 v3.01 Landscape Pages (DPC)
)
("C:\Program Files\MiKTeX 2.9\tex\latex\fancyvrb\fancyvrb.sty"
Package: fancyvrb 2008/02/07

Style option: `fancyvrb' v2.7a, with DG/SPQR fixes, and firstline=lastline fix 
<2008/02/07> (tvz)
\FV@CodeLineNo=\count140
\FV@InFile=\read2
\FV@TabBox=\box43
\c@FancyVerbLine=\count141
\FV@StepNumber=\count142
\FV@OutFile=\write6
) ("C:\Program Files\MiKTeX 2.9\tex\latex\tools\verbatim.sty"
Package: verbatim 2014/10/28 v1.5q LaTeX2e package for verbatim enhancements
\every@verbatim=\toks46
\verbatim@line=\toks47
\verbatim@in@stream=\read3
) ("C:\Program Files\MiKTeX 2.9\tex\latex\moreverb\moreverb.sty"
Package: moreverb 2008/06/03 v2.3a `more' verbatim facilities
\tab@position=\count143
\tab@size=\count144
\listing@line=\count145
)
("C:\Program Files\MiKTeX 2.9\tex\latex\listings\listings.sty"
\lst@mode=\count146
\lst@gtempboxa=\box44
\lst@token=\toks48
\lst@length=\count147
\lst@currlwidth=\dimen172
\lst@column=\count148
\lst@pos=\count149
\lst@lostspace=\dimen173
\lst@width=\dimen174
\lst@newlines=\count150
\lst@lineno=\count151
\lst@maxwidth=\dimen175

("C:\Program Files\MiKTeX 2.9\tex\latex\listings\lstmisc.sty"
File: lstmisc.sty 2015/06/04 1.6 (Carsten Heinz)
\c@lstnumber=\count152
\lst@skipnumbers=\count153
\lst@framebox=\box45
)
("C:\Program Files\MiKTeX 2.9\tex\latex\listings\listings.cfg"
File: listings.cfg 2015/06/04 1.6 listings configuration
))
Package: listings 2015/06/04 1.6 (Carsten Heinz)

("C:\Program Files\MiKTeX 2.9\tex\latex\float\float.sty"
Package: float 2001/11/08 v1.3d Float enhancements (AL)
\c@float@type=\count154
\float@exts=\toks49
\float@box=\box46
\@float@everytoks=\toks50
\@floatcapt=\box47
)
("C:\Program Files\MiKTeX 2.9\tex\latex\tools\longtable.sty"
Package: longtable 2014/10/28 v4.11 Multi-page Table package (DPC)
\LTleft=\skip80
\LTright=\skip81
\LTpre=\skip82
\LTpost=\skip83
\LTchunksize=\count155
\LTcapwidth=\dimen176
\LT@head=\box48
\LT@firsthead=\box49
\LT@foot=\box50
\LT@lastfoot=\box51
\LT@cols=\count156
\LT@rows=\count157
\c@LT@tables=\count158
\c@LT@chunks=\count159
\LT@p@ftn=\toks51
)
Class scrbook Info: longtable captions redefined on input line 204.

("C:\Program Files\MiKTeX 2.9\tex\latex\supertabular\supertabular.sty"
Package: supertabular 2004/02/20 v4.1e the supertabular environment
\c@tracingst=\count160
\ST@wd=\dimen177
\ST@rightskip=\skip84
\ST@leftskip=\skip85
\ST@parfillskip=\skip86
\ST@pageleft=\dimen178
\ST@headht=\dimen179
\ST@tailht=\dimen180
\ST@pagesofar=\dimen181
\ST@pboxht=\dimen182
\ST@lineht=\dimen183
\ST@stretchht=\dimen184
\ST@prevht=\dimen185
\ST@toadd=\dimen186
\ST@dimen=\dimen187
\ST@pbox=\box52
)
("C:\Program Files\MiKTeX 2.9\tex\latex\multirow\multirow.sty"
Package: multirow 2016/11/25 v2.2 Span multiple rows of a table
\multirow@colwidth=\skip87
\multirow@cntb=\count161
\multirow@dima=\skip88
\bigstrutjot=\dimen188
)
("C:\Program Files\MiKTeX 2.9\tex\latex\pdfpages\pdfpages.sty"
Package: pdfpages 2017/01/14 v0.5h Insert pages of external PDF documents (AM)

("C:\Program Files\MiKTeX 2.9\tex\latex\eso-pic\eso-pic.sty"
Package: eso-pic 2015/07/21 v2.0g eso-pic (RN)

("C:\Program Files\MiKTeX 2.9\tex\generic\oberdiek\atbegshi.sty"
Package: atbegshi 2016/06/09 v1.18 At begin shipout hook (HO)

("C:\Program Files\MiKTeX 2.9\tex\generic\oberdiek\ifpdf.sty"
Package: ifpdf 2016/05/14 v3.1 Provides the ifpdf switch
)))
\AM@pagewidth=\dimen189
\AM@pageheight=\dimen190

("C:\Program Files\MiKTeX 2.9\tex\latex\pdfpages\pppdftex.def"
File: pppdftex.def 2017/01/14 v0.5h Pdfpages driver for pdfTeX (AM)
)
\AM@pagebox=\box53
\AM@global@opts=\toks52
\AM@toc@title=\toks53
\c@AM@survey=\count162
\AM@templatesizebox=\box54
)
("C:\Program Files\MiKTeX 2.9\tex\latex\hyperref\hyperref.sty"
Package: hyperref 2016/06/24 v6.83q Hypertext links for LaTeX

("C:\Program Files\MiKTeX 2.9\tex\generic\oberdiek\hobsub-hyperref.sty"
Package: hobsub-hyperref 2016/05/16 v1.14 Bundle oberdiek, subset hyperref (HO)


("C:\Program Files\MiKTeX 2.9\tex\generic\oberdiek\hobsub-generic.sty"
Package: hobsub-generic 2016/05/16 v1.14 Bundle oberdiek, subset generic (HO)
Package: hobsub 2016/05/16 v1.14 Construct package bundles (HO)
Package hobsub Info: Skipping package `infwarerr' (already loaded).
Package hobsub Info: Skipping package `ltxcmds' (already loaded).
Package: ifluatex 2016/05/16 v1.4 Provides the ifluatex switch (HO)
Package ifluatex Info: LuaTeX not detected.
Package: ifvtex 2016/05/16 v1.6 Detect VTeX and its facilities (HO)
Package ifvtex Info: VTeX not detected.
Package: intcalc 2016/05/16 v1.2 Expandable calculations with integers (HO)
Package hobsub Info: Skipping package `ifpdf' (already loaded).
Package: etexcmds 2016/05/16 v1.6 Avoid name clashes with e-TeX commands (HO)
Package etexcmds Info: Could not find \expanded.
(etexcmds)             That can mean that you are not using pdfTeX 1.50 or
(etexcmds)             that some package has redefined \expanded.
(etexcmds)             In the latter case, load this package earlier.
Package: kvsetkeys 2016/05/16 v1.17 Key value parser (HO)
Package: kvdefinekeys 2016/05/16 v1.4 Define keys (HO)
Package: pdftexcmds 2016/05/21 v0.22 Utility functions of pdfTeX for LuaTeX (HO
)
Package pdftexcmds Info: LuaTeX not detected.
Package pdftexcmds Info: \pdf@primitive is available.
Package pdftexcmds Info: \pdf@ifprimitive is available.
Package pdftexcmds Info: \pdfdraftmode found.
Package: pdfescape 2016/05/16 v1.14 Implements pdfTeX's escape features (HO)
Package: bigintcalc 2016/05/16 v1.4 Expandable calculations on big integers (HO
)
Package: bitset 2016/05/16 v1.2 Handle bit-vector datatype (HO)
Package: uniquecounter 2016/05/16 v1.3 Provide unlimited unique counter (HO)
)
Package hobsub Info: Skipping package `hobsub' (already loaded).
Package: letltxmacro 2016/05/16 v1.5 Let assignment for LaTeX macros (HO)
Package: hopatch 2016/05/16 v1.3 Wrapper for package hooks (HO)
Package: xcolor-patch 2016/05/16 xcolor patch
Package: atveryend 2016/05/16 v1.9 Hooks at the very end of document (HO)
Package hobsub Info: Skipping package `atbegshi' (already loaded).
Package: refcount 2016/05/16 v3.5 Data extraction from label references (HO)
Package: hycolor 2016/05/16 v1.8 Color options for hyperref/bookmark (HO)
)
("C:\Program Files\MiKTeX 2.9\tex\generic\ifxetex\ifxetex.sty"
Package: ifxetex 2010/09/12 v0.6 Provides ifxetex conditional
)
("C:\Program Files\MiKTeX 2.9\tex\latex\oberdiek\auxhook.sty"
Package: auxhook 2016/05/16 v1.4 Hooks for auxiliary files (HO)
)
("C:\Program Files\MiKTeX 2.9\tex\latex\oberdiek\kvoptions.sty"
Package: kvoptions 2016/05/16 v3.12 Key value format for package options (HO)
)
\@linkdim=\dimen191
\Hy@linkcounter=\count163
\Hy@pagecounter=\count164

("C:\Program Files\MiKTeX 2.9\tex\latex\hyperref\pd1enc.def"
File: pd1enc.def 2016/06/24 v6.83q Hyperref: PDFDocEncoding definition (HO)
)
\Hy@SavedSpaceFactor=\count165

("C:\Program Files\MiKTeX 2.9\tex\latex\00miktex\hyperref.cfg"
File: hyperref.cfg 2002/06/06 v1.2 hyperref configuration of TeXLive
)
Package hyperref Info: Option `plainpages' set `false' on input line 4362.
Package hyperref Info: Option `pdfpagelabels' set `true' on input line 4362.
Package hyperref Info: Hyper figures OFF on input line 4486.
Package hyperref Info: Link nesting OFF on input line 4491.
Package hyperref Info: Hyper index ON on input line 4494.
Package hyperref Info: Plain pages OFF on input line 4501.
Package hyperref Info: Backreferencing OFF on input line 4506.
Package hyperref Info: Implicit mode ON; LaTeX internals redefined.
Package hyperref Info: Bookmarks ON on input line 4735.
\c@Hy@tempcnt=\count166
LaTeX Info: Redefining \url on input line 5088.
\XeTeXLinkMargin=\dimen192
\Fld@menulength=\count167
\Field@Width=\dimen193
\Fld@charsize=\dimen194
Package hyperref Info: Hyper figures OFF on input line 6342.
Package hyperref Info: Link nesting OFF on input line 6347.
Package hyperref Info: Hyper index ON on input line 6350.
Package hyperref Info: backreferencing OFF on input line 6357.
Package hyperref Info: Link coloring OFF on input line 6362.
Package hyperref Info: Link coloring with OCG OFF on input line 6367.
Package hyperref Info: PDF/A mode OFF on input line 6372.
LaTeX Info: Redefining \ref on input line 6412.
LaTeX Info: Redefining \pageref on input line 6416.
\Hy@abspage=\count168
\c@Item=\count169
\c@Hfootnote=\count170
)

Package hyperref Message: Driver: hpdftex.

("C:\Program Files\MiKTeX 2.9\tex\latex\hyperref\hpdftex.def"
File: hpdftex.def 2016/06/24 v6.83q Hyperref driver for pdfTeX
\Fld@listcount=\count171
\c@bookmark@seq@number=\count172

("C:\Program Files\MiKTeX 2.9\tex\latex\oberdiek\rerunfilecheck.sty"
Package: rerunfilecheck 2016/05/16 v1.8 Rerun checks for auxiliary files (HO)
Package uniquecounter Info: New unique counter `rerunfilecheck' on input line 2
82.
)
\Hy@SectionHShift=\skip89
)
Package hyperref Info: Option `colorlinks' set `true' on input line 221.
)
("C:\Program Files\MiKTeX 2.9\tex\latex\appendix\appendix.sty"
Package: appendix 2009/09/02 v1.2b extra appendix facilities
\c@@pps=\count173
\c@@ppsavesec=\count174
\c@@ppsaveapp=\count175
)
Package csquotes Info: Checking for multilingual support...
Package csquotes Info: ... found 'babel' package.
 (draft.aux
(chapter/titelseite.aux) (chapter/abstract.aux) (chapter/inhaltsverzeichnis.aux
) (chapter/vorwort.aux) (chapter/motivation.aux) (chapter/grundlagen.aux)
(chapter/umsetzung.aux) (chapter/verzeichnisse.aux) (chapter/anhang.aux)
(chapter/eid.aux))
\openout1 = `draft.aux'.

LaTeX Font Info:    Checking defaults for OML/cmm/m/it on input line 3.
LaTeX Font Info:    ... okay on input line 3.
LaTeX Font Info:    Checking defaults for T1/cmr/m/n on input line 3.
LaTeX Font Info:    ... okay on input line 3.
LaTeX Font Info:    Checking defaults for OT1/cmr/m/n on input line 3.
LaTeX Font Info:    ... okay on input line 3.
LaTeX Font Info:    Checking defaults for OMS/cmsy/m/n on input line 3.
LaTeX Font Info:    ... okay on input line 3.
LaTeX Font Info:    Checking defaults for OMX/cmex/m/n on input line 3.
LaTeX Font Info:    ... okay on input line 3.
LaTeX Font Info:    Checking defaults for U/cmr/m/n on input line 3.
LaTeX Font Info:    ... okay on input line 3.
LaTeX Font Info:    Checking defaults for TS1/cmr/m/n on input line 3.
LaTeX Font Info:    Try loading font information for TS1+cmr on input line 3.
 ("C:\Program Files\MiKTeX 2.9\tex\latex\base\ts1cmr.fd"
File: ts1cmr.fd 2014/09/29 v2.5h Standard LaTeX font definitions
)
LaTeX Font Info:    ... okay on input line 3.
LaTeX Font Info:    Checking defaults for PD1/pdf/m/n on input line 3.
LaTeX Font Info:    ... okay on input line 3.

("C:\Program Files\MiKTeX 2.9\tex\latex\ucs\ucsencs.def"
File: ucsencs.def 2011/01/21 Fixes to fontencodings LGR, T3
)
("C:\Program Files\MiKTeX 2.9\tex\context\base\supp-pdf.mkii"
[Loading MPS to PDF converter (version 2006.09.02).]
\scratchcounter=\count176
\scratchdimen=\dimen195
\scratchbox=\box55
\nofMPsegments=\count177
\nofMParguments=\count178
\everyMPshowfont=\toks54
\MPscratchCnt=\count179
\MPscratchDim=\dimen196
\MPnumerator=\count180
\makeMPintoPDFobject=\count181
\everyMPtoPDFconversion=\toks55
) ("C:\Program Files\MiKTeX 2.9\tex\latex\oberdiek\epstopdf-base.sty"
Package: epstopdf-base 2016/05/15 v2.6 Base part for package epstopdf

("C:\Program Files\MiKTeX 2.9\tex\latex\oberdiek\grfext.sty"
Package: grfext 2016/05/16 v1.2 Manage graphics extensions (HO)
)
Package epstopdf-base Info: Redefining graphics rule for `.eps' on input line 4
38.
Package grfext Info: Graphics extension search list:
(grfext)             [.png,.pdf,.jpg,.mps,.jpeg,.jbig2,.jb2,.PNG,.PDF,.JPG,.JPE
G,.JBIG2,.JB2,.eps]
(grfext)             \AppendGraphicsExtensions on input line 456.
)
ABD: EveryShipout initializing macros
\c@lstlisting=\count182
\AtBeginShipoutBox=\box56

("C:\Program Files\MiKTeX 2.9\tex\latex\oberdiek\pdflscape.sty"
Package: pdflscape 2016/05/14 v0.11 Display of landscape pages in PDF (HO)
Package pdflscape Info: Auto-detected driver: pdftex on input line 81.
)
Package hyperref Info: Link coloring ON on input line 3.

("C:\Program Files\MiKTeX 2.9\tex\latex\hyperref\nameref.sty"
Package: nameref 2016/05/21 v2.44 Cross-referencing by name of section

("C:\Program Files\MiKTeX 2.9\tex\generic\oberdiek\gettitlestring.sty"
Package: gettitlestring 2016/05/16 v1.5 Cleanup title references (HO)
)
\c@section@level=\count183
)
LaTeX Info: Redefining \ref on input line 3.
LaTeX Info: Redefining \pageref on input line 3.
LaTeX Info: Redefining \nameref on input line 3.

(draft.out) (draft.out)
\@outlinefile=\write7
\openout7 = `draft.out'.

\openout2 = `chapter/titelseite.aux'.

 (chapter/titelseite.tex
<images/logo.pdf, id=225, 114.93842pt x 62.16425pt>
File: images/logo.pdf Graphic file (type pdf)
 <use images/logo.pdf>
Package pdftex.def Info: images/logo.pdf used on input line 8.
(pdftex.def)             Requested size: 81.94269pt x 44.31808pt.

<images/balken.png, id=226, 1011.78pt x 6.0225pt>
File: images/balken.png Graphic file (type png)
 <use images/balken.png>
Package pdftex.def Info: images/balken.png used on input line 9.
(pdftex.def)             Requested size: 409.71974pt x 2.43881pt.

("C:\Program Files\MiKTeX 2.9\tex\latex\ucs\uni-0.def"
File: uni-0.def 2013/05/13 UCS: Unicode data U+0000..U+00FF
)
File: images/balken.png Graphic file (type png)

<use images/balken.png>
Package pdftex.def Info: images/balken.png used on input line 101.
(pdftex.def)             Requested size: 409.71974pt x 2.43881pt.
 (chapter/adressen.tex
File: images/logo.pdf Graphic file (type pdf)
 <use images/logo.pdf>
Package pdftex.def Info: images/logo.pdf used on input line 8.
(pdftex.def)             Requested size: 81.94269pt x 44.31808pt.
 [1







{C:/Users/Florian/AppData/Local/MiKTeX/2.9/pdftex/config/pdftex.map} <./images/
logo.pdf> <./images/balken.png>])

Package Fancyhdr Warning: \headheight is too small (17.0pt): 
 Make it at least 23.11996pt.
 We now make it that large for the rest of the document.
 This may cause the page layout to be inconsistent, however.

[2])
\openout2 = `chapter/abstract.aux'.

 (chapter/abstract.tex
LaTeX Font Info:    Try loading font information for T1+cmss on input line 2.

("C:\Program Files\MiKTeX 2.9\tex\latex\base\t1cmss.fd"
File: t1cmss.fd 2014/09/29 v2.5h Standard LaTeX font definitions
)
Package acronym Info: Label `acro:LWM' newly defined as it shall be overridden
although it is yet undefined on input line 4.
)

Package Fancyhdr Warning: \headheight is too small (17.0pt): 
 Make it at least 23.11996pt.
 We now make it that large for the rest of the document.
 This may cause the page layout to be inconsistent, however.

[3




]
\openout2 = `chapter/inhaltsverzeichnis.aux'.

 (chapter/inhaltsverzeichnis.tex (draft.toc

Package Fancyhdr Warning: \headheight is too small (17.0pt): 
 Make it at least 23.11996pt.
 We now make it that large for the rest of the document.
 This may cause the page layout to be inconsistent, however.

[4




])
\tf@toc=\write8
\openout8 = `draft.toc'.

)

Package Fancyhdr Warning: \headheight is too small (17.0pt): 
 Make it at least 23.11996pt.
 We now make it that large for the rest of the document.
 This may cause the page layout to be inconsistent, however.

[5]
\openout2 = `chapter/vorwort.aux'.

 (chapter/vorwort.tex
Overfull \hbox (8.26962pt too wide) in paragraph at lines 5--6
\T1/cmr/m/n/10.95 Vor Ih-nen liegt das Pra-xispro-jekt An-for-de-rungs-ana-ly-
se für ein Praktikums-Management-
 []


Underfull \hbox (badness 10000) in paragraph at lines 5--6

 []


Underfull \hbox (badness 10000) in paragraph at lines 7--9

 []


Underfull \hbox (badness 10000) in paragraph at lines 10--11

 []


Underfull \hbox (badness 10000) in paragraph at lines 12--13

 []


Underfull \hbox (badness 10000) in paragraph at lines 14--15

 []

)

Package Fancyhdr Warning: \headheight is too small (17.0pt): 
 Make it at least 23.11996pt.
 We now make it that large for the rest of the document.
 This may cause the page layout to be inconsistent, however.

[6





]
\openout2 = `chapter/motivation.aux'.

 (chapter/motivation.tex
chapter 1.

Class scrbook Warning: \float@addtolists detected!
(scrbook)              Implementation of \float@addtolist became
(scrbook)              deprecated in KOMA-Script v3.01 2008/11/14 and
(scrbook)              has been replaced by several more flexible
(scrbook)              features of package `tocbasic`.
(scrbook)              Since Version 3.12 support for deprecated
(scrbook)              \float@addtolist interface has been
(scrbook)              restricted to only some of the KOMA-Script
(scrbook)              features and been removed from others.
(scrbook)              Loading of package `scrhack' may help to
(scrbook)              avoid this warning, if you are using a
(scrbook)              a package that still implements the
(scrbook)              deprecated \float@addtolist interface .

)

Package Fancyhdr Warning: \headheight is too small (17.0pt): 
 Make it at least 23.11996pt.
 We now make it that large for the rest of the document.
 This may cause the page layout to be inconsistent, however.

[7




]
\openout2 = `chapter/grundlagen.aux'.

 (chapter/grundlagen.tex
chapter 2.
Package acronym Info: Label `acro:RE' newly defined as it shall be overridden
although it is yet undefined on input line 5.
Package acronym Info: Label `acro:MCI' newly defined as it shall be overridden
although it is yet undefined on input line 9.

Underfull \hbox (badness 10000) in paragraph at lines 12--13

 []


Overfull \hbox (1.63231pt too wide) in paragraph at lines 18--19
\T1/cmr/m/n/10.95 Die pri-mären Sta-ke-hol-der wer-den, wie auch [][]Bor-ne-man
n, Ste-fan[][] ([][]2017[][]) be-rich-tet, manch-
 []


Package Fancyhdr Warning: \headheight is too small (17.0pt): 
 Make it at least 23.11996pt.
 We now make it that large for the rest of the document.
 This may cause the page layout to be inconsistent, however.

[8




]

Package Fancyhdr Warning: \headheight is too small (17.0pt): 
 Make it at least 23.11996pt.
 We now make it that large for the rest of the document.
 This may cause the page layout to be inconsistent, however.

[9]
Underfull \hbox (badness 10000) in paragraph at lines 32--33

 []


Underfull \hbox (badness 10000) in paragraph at lines 53--54

 []


Package Fancyhdr Warning: \headheight is too small (17.0pt): 
 Make it at least 23.11996pt.
 We now make it that large for the rest of the document.
 This may cause the page layout to be inconsistent, however.

[10]
Underfull \hbox (badness 10000) in paragraph at lines 88--89

 []


Underfull \hbox (badness 10000) in paragraph at lines 90--98

 []



pdfTeX warning: pdflatex (file ./images/Kano-Modell.pdf): PDF inclusion: found 
PDF version <1.6>, but at most version <1.5> allowed
<images/Kano-Modell.pdf, id=363, 413.3844pt x 331.4784pt>
File: images/Kano-Modell.pdf Graphic file (type pdf)

<use images/Kano-Modell.pdf>
Package pdftex.def Info: images/Kano-Modell.pdf used on input line 108.
(pdftex.def)             Requested size: 204.85986pt x 164.27197pt.


Package Fancyhdr Warning: \headheight is too small (17.0pt): 
 Make it at least 23.11996pt.
 We now make it that large for the rest of the document.
 This may cause the page layout to be inconsistent, however.

[11]
Overfull \hbox (2.82266pt too wide) in paragraph at lines 113--113
  [][][]\T1/cmr/m/n/9 Eine Dar-stel-lung des Kano-Modell (Quel-le: [][]http://w
ww.sophist.de/fileadmin/SOPHIST/Blog/Kano-
 []


Underfull \hbox (badness 10000) in paragraph at lines 124--125

 []


Package Fancyhdr Warning: \headheight is too small (17.0pt): 
 Make it at least 23.11996pt.
 We now make it that large for the rest of the document.
 This may cause the page layout to be inconsistent, however.

[12 <./images/Kano-Modell.pdf>]

pdfTeX warning: pdflatex (file ./images/penaltyreward.pdf): PDF inclusion: foun
d PDF version <1.6>, but at most version <1.5> allowed
<images/penaltyreward.pdf, id=390, 899.36pt x 580.1675pt>
File: images/penaltyreward.pdf Graphic file (type pdf)

<use images/penaltyreward.pdf>
Package pdftex.def Info: images/penaltyreward.pdf used on input line 132.
(pdftex.def)             Requested size: 409.71974pt x 264.30415pt.


Package Fancyhdr Warning: \headheight is too small (17.0pt): 
 Make it at least 23.11996pt.
 We now make it that large for the rest of the document.
 This may cause the page layout to be inconsistent, however.

[13]
Underfull \hbox (badness 10000) in paragraph at lines 150--151

 []


Package Fancyhdr Warning: \headheight is too small (17.0pt): 
 Make it at least 23.11996pt.
 We now make it that large for the rest of the document.
 This may cause the page layout to be inconsistent, however.

[14 <./images/penaltyreward.pdf>]
Underfull \hbox (badness 10000) in paragraph at lines 155--156

 []


Underfull \hbox (badness 10000) in paragraph at lines 160--161

 []


Package Fancyhdr Warning: \headheight is too small (17.0pt): 
 Make it at least 23.11996pt.
 We now make it that large for the rest of the document.
 This may cause the page layout to be inconsistent, however.

[15]
Underfull \hbox (badness 10000) in paragraph at lines 186--187

 []


Package Fancyhdr Warning: \headheight is too small (17.0pt): 
 Make it at least 23.11996pt.
 We now make it that large for the rest of the document.
 This may cause the page layout to be inconsistent, however.

[16]
Underfull \hbox (badness 10000) in paragraph at lines 197--198

 []


Package Fancyhdr Warning: \headheight is too small (17.0pt): 
 Make it at least 23.11996pt.
 We now make it that large for the rest of the document.
 This may cause the page layout to be inconsistent, however.

[17]
Underfull \hbox (badness 10000) in paragraph at lines 222--223

 []


Underfull \hbox (badness 10000) in paragraph at lines 227--228

 []


Underfull \hbox (badness 10000) in paragraph at lines 236--237

 []


Package Fancyhdr Warning: \headheight is too small (17.0pt): 
 Make it at least 23.11996pt.
 We now make it that large for the rest of the document.
 This may cause the page layout to be inconsistent, however.

[18]
Underfull \hbox (badness 10000) in paragraph at lines 242--243

 []


Underfull \hbox (badness 10000) in paragraph at lines 252--253

 []


Underfull \hbox (badness 10000) in paragraph at lines 254--255

 []


Package Fancyhdr Warning: \headheight is too small (17.0pt): 
 Make it at least 23.11996pt.
 We now make it that large for the rest of the document.
 This may cause the page layout to be inconsistent, however.

[19]

Package Fancyhdr Warning: \headheight is too small (17.0pt): 
 Make it at least 23.11996pt.
 We now make it that large for the rest of the document.
 This may cause the page layout to be inconsistent, however.

[20]
Underfull \hbox (badness 10000) in paragraph at lines 286--287

 []

Package acronym Info: Label `acro:FPA' newly defined as it shall be overridden
although it is yet undefined on input line 297.
Package acronym Info: Label `acro:FP' newly defined as it shall be overridden
although it is yet undefined on input line 297.

Underfull \hbox (badness 10000) in paragraph at lines 297--298

 []


Package Fancyhdr Warning: \headheight is too small (17.0pt): 
 Make it at least 23.11996pt.
 We now make it that large for the rest of the document.
 This may cause the page layout to be inconsistent, however.

[21]
Underfull \hbox (badness 10000) in paragraph at lines 299--300

 []


Underfull \hbox (badness 10000) in paragraph at lines 304--305

 []


Underfull \hbox (badness 10000) in paragraph at lines 306--307

 []


Package Fancyhdr Warning: \headheight is too small (17.0pt): 
 Make it at least 23.11996pt.
 We now make it that large for the rest of the document.
 This may cause the page layout to be inconsistent, however.

[22]
Overfull \hbox (20.74013pt too wide) in paragraph at lines 308--309
\T1/cmr/m/n/10.95 spiels-wei-se das Co-Co-Mo (mehr da-zu auf [][]betriebswirtsc
haft-lernen.net[][] ([][]2017[][])), die COSMIC-
 []

)

Package Fancyhdr Warning: \headheight is too small (17.0pt): 
 Make it at least 23.11996pt.
 We now make it that large for the rest of the document.
 This may cause the page layout to be inconsistent, however.

[23]
\openout2 = `chapter/umsetzung.aux'.

 (chapter/umsetzung.tex
chapter 3.

Underfull \hbox (badness 10000) in paragraph at lines 8--9

 []


Underfull \hbox (badness 10000) in paragraph at lines 10--12

 []


Underfull \hbox (badness 10000) in paragraph at lines 13--15

 []


Package Fancyhdr Warning: \headheight is too small (17.0pt): 
 Make it at least 23.11996pt.
 We now make it that large for the rest of the document.
 This may cause the page layout to be inconsistent, however.

[24




]
Underfull \hbox (badness 10000) in paragraph at lines 16--17

 []


Underfull \hbox (badness 10000) in paragraph at lines 18--19

 []


Underfull \hbox (badness 10000) in paragraph at lines 20--21

 []


Underfull \hbox (badness 10000) in paragraph at lines 22--23

 []

Package acronym Info: Label `acro:SHK' newly defined as it shall be overridden
although it is yet undefined on input line 29.
Package acronym Info: Label `acro:WHK' newly defined as it shall be overridden
although it is yet undefined on input line 29.

Underfull \hbox (badness 10000) in paragraph at lines 29--30

 []


Package Fancyhdr Warning: \headheight is too small (17.0pt): 
 Make it at least 23.11996pt.
 We now make it that large for the rest of the document.
 This may cause the page layout to be inconsistent, however.

[25]
Underfull \hbox (badness 10000) in paragraph at lines 31--34

 []


Underfull \hbox (badness 10000) in paragraph at lines 35--37

 []


Underfull \hbox (badness 10000) in paragraph at lines 38--39

 []


Underfull \hbox (badness 10000) in paragraph at lines 47--48

 []


Package Fancyhdr Warning: \headheight is too small (17.0pt): 
 Make it at least 23.11996pt.
 We now make it that large for the rest of the document.
 This may cause the page layout to be inconsistent, however.

[26]
Underfull \hbox (badness 10000) in paragraph at lines 49--50

 []


Underfull \hbox (badness 10000) in paragraph at lines 51--52

 []


Underfull \hbox (badness 10000) in paragraph at lines 73--74

 []


Underfull \hbox (badness 10000) in paragraph at lines 75--76

 []


Underfull \hbox (badness 10000) in paragraph at lines 77--78

 []


Package Fancyhdr Warning: \headheight is too small (17.0pt): 
 Make it at least 23.11996pt.
 We now make it that large for the rest of the document.
 This may cause the page layout to be inconsistent, however.

[27]
Underfull \hbox (badness 10000) in paragraph at lines 94--95

 []


Underfull \hbox (badness 10000) in paragraph at lines 96--97

 []


Package Fancyhdr Warning: \headheight is too small (17.0pt): 
 Make it at least 23.11996pt.
 We now make it that large for the rest of the document.
 This may cause the page layout to be inconsistent, however.

[28]
LaTeX Font Info:    Try loading font information for T1+cmtt on input line 98.
 ("C:\Program Files\MiKTeX 2.9\tex\latex\base\t1cmtt.fd"
File: t1cmtt.fd 2014/09/29 v2.5h Standard LaTeX font definitions
)
Underfull \hbox (badness 10000) in paragraph at lines 98--99

 []


Underfull \hbox (badness 10000) in paragraph at lines 100--101

 []



pdfTeX warning: pdflatex (file ./images/erstegruppen.pdf): PDF inclusion: found
 PDF version <1.6>, but at most version <1.5> allowed
<images/erstegruppen.pdf, id=542, 4143.48pt x 2330.7075pt>
File: images/erstegruppen.pdf Graphic file (type pdf)

<use images/erstegruppen.pdf>
Package pdftex.def Info: images/erstegruppen.pdf used on input line 104.
(pdftex.def)             Requested size: 409.71974pt x 230.45268pt.

Underfull \hbox (badness 10000) in paragraph at lines 110--111

 []


Package Fancyhdr Warning: \headheight is too small (17.0pt): 
 Make it at least 23.11996pt.
 We now make it that large for the rest of the document.
 This may cause the page layout to be inconsistent, however.

[29 <./images/erstegruppen.pdf>]

pdfTeX warning: pdflatex (file ./images/zweitegruppen.pdf): PDF inclusion: foun
d PDF version <1.6>, but at most version <1.5> allowed
<images/zweitegruppen.pdf, id=557, 3276.24pt x 2457.18pt>
File: images/zweitegruppen.pdf Graphic file (type pdf)

<use images/zweitegruppen.pdf>
Package pdftex.def Info: images/zweitegruppen.pdf used on input line 115.
(pdftex.def)             Requested size: 409.71974pt x 307.25923pt.


Package Fancyhdr Warning: \headheight is too small (17.0pt): 
 Make it at least 23.11996pt.
 We now make it that large for the rest of the document.
 This may cause the page layout to be inconsistent, however.

[30 <./images/zweitegruppen.pdf>]
Underfull \hbox (badness 10000) in paragraph at lines 140--141

 []


Underfull \hbox (badness 10000) in paragraph at lines 147--148

 []


Package Fancyhdr Warning: \headheight is too small (17.0pt): 
 Make it at least 23.11996pt.
 We now make it that large for the rest of the document.
 This may cause the page layout to be inconsistent, however.

[31]
Underfull \hbox (badness 10000) in paragraph at lines 174--175

 []


Underfull \hbox (badness 10000) in paragraph at lines 176--177

 []



pdfTeX warning: pdflatex (file ./images/ergebnis.pdf): PDF inclusion: found PDF
 version <1.6>, but at most version <1.5> allowed
<images/ergebnis.pdf, id=589, 3276.24pt x 2457.18pt>
File: images/ergebnis.pdf Graphic file (type pdf)
 <use images/ergebnis.pdf>
Package pdftex.def Info: images/ergebnis.pdf used on input line 182.
(pdftex.def)             Requested size: 409.71974pt x 307.25923pt.

Underfull \hbox (badness 10000) in paragraph at lines 189--190

 []


Package Fancyhdr Warning: \headheight is too small (17.0pt): 
 Make it at least 23.11996pt.
 We now make it that large for the rest of the document.
 This may cause the page layout to be inconsistent, however.

[32]
Underfull \hbox (badness 10000) in paragraph at lines 202--204

 []


Underfull \hbox (badness 10000) in paragraph at lines 205--207

 []


Package Fancyhdr Warning: \headheight is too small (17.0pt): 
 Make it at least 23.11996pt.
 We now make it that large for the rest of the document.
 This may cause the page layout to be inconsistent, however.

[33 <./images/ergebnis.pdf>]
Underfull \hbox (badness 10000) in paragraph at lines 208--209

 []



pdfTeX warning: pdflatex (file ./images/100minusp.pdf): PDF inclusion: found PD
F version <1.6>, but at most version <1.5> allowed
<images/100minusp.pdf, id=612, 2982.14125pt x 2105.8675pt>
File: images/100minusp.pdf Graphic file (type pdf)

<use images/100minusp.pdf>
Package pdftex.def Info: images/100minusp.pdf used on input line 215.
(pdftex.def)             Requested size: 204.85986pt x 144.66235pt.

Underfull \hbox (badness 10000) in paragraph at lines 221--222

 []

Package acronym Info: Label `acro:SP' newly defined as it shall be overridden
although it is yet undefined on input line 229.

Package Fancyhdr Warning: \headheight is too small (17.0pt): 
 Make it at least 23.11996pt.
 We now make it that large for the rest of the document.
 This may cause the page layout to be inconsistent, however.

[34 <./images/100minusp.pdf>]
Package acronym Info: Label `acro:US' newly defined as it shall be overridden
although it is yet undefined on input line 235.

Underfull \hbox (badness 10000) in paragraph at lines 235--236

 []


Underfull \hbox (badness 10000) in paragraph at lines 237--238

 []


Package Fancyhdr Warning: \headheight is too small (17.0pt): 
 Make it at least 23.11996pt.
 We now make it that large for the rest of the document.
 This may cause the page layout to be inconsistent, however.

[35]
chapter 4.

Underfull \hbox (badness 10000) in paragraph at lines 243--244

 []



pdfTeX warning: pdflatex (file ./images/excel.pdf): PDF inclusion: found PDF ve
rsion <1.6>, but at most version <1.5> allowed
<images/excel.pdf, id=631, 1109.0434pt x 463.04393pt>
File: images/excel.pdf Graphic file (type pdf)
 <use images/excel.pdf>
Package pdftex.def Info: images/excel.pdf used on input line 247.
(pdftex.def)             Requested size: 409.71974pt x 171.06215pt.


Package Fancyhdr Warning: \headheight is too small (17.0pt): 
 Make it at least 23.11996pt.
 We now make it that large for the rest of the document.
 This may cause the page layout to be inconsistent, however.

[36


 <./images/excel.pdf>]
Underfull \hbox (badness 10000) in paragraph at lines 258--259

 []


Underfull \hbox (badness 10000) in paragraph at lines 260--261

 []



pdfTeX warning: pdflatex (file ./images/erstellen.pdf): PDF inclusion: found PD
F version <1.6>, but at most version <1.5> allowed
<images/erstellen.pdf, id=646, 678.3784pt x 569.20552pt>
File: images/erstellen.pdf Graphic file (type pdf)

<use images/erstellen.pdf>
Package pdftex.def Info: images/erstellen.pdf used on input line 263.
(pdftex.def)             Requested size: 204.85986pt x 171.88338pt.


Package Fancyhdr Warning: \headheight is too small (17.0pt): 
 Make it at least 23.11996pt.
 We now make it that large for the rest of the document.
 This may cause the page layout to be inconsistent, however.

[37 <./images/erstellen.pdf>]

pdfTeX warning: pdflatex (file ./images/webseite.pdf): PDF inclusion: found PDF
 version <1.6>, but at most version <1.5> allowed
<images/webseite.pdf, id=661, 1423.01633pt x 685.90752pt>
File: images/webseite.pdf Graphic file (type pdf)

<use images/webseite.pdf>
Package pdftex.def Info: images/webseite.pdf used on input line 275.
(pdftex.def)             Requested size: 409.71974pt x 197.4847pt.


pdfTeX warning: pdflatex (file ./images/labelserstellen.pdf): PDF inclusion: fo
und PDF version <1.6>, but at most version <1.5> allowed
<images/labelserstellen.pdf, id=665, 452.50354pt x 283.09665pt>
File: images/labelserstellen.pdf Graphic file (type pdf)

<use images/labelserstellen.pdf>
Package pdftex.def Info: images/labelserstellen.pdf used on input line 287.
(pdftex.def)             Requested size: 204.85986pt x 128.16553pt.


pdfTeX warning: pdflatex (file ./images/labelzuordnen.pdf): PDF inclusion: foun
d PDF version <1.6>, but at most version <1.5> allowed
<images/labelzuordnen.pdf, id=669, 234.91063pt x 454.00916pt>
File: images/labelzuordnen.pdf Graphic file (type pdf)

<use images/labelzuordnen.pdf>
Package pdftex.def Info: images/labelzuordnen.pdf used on input line 297.
(pdftex.def)             Requested size: 102.42993pt x 197.96346pt.


Package Fancyhdr Warning: \headheight is too small (17.0pt): 
 Make it at least 23.11996pt.
 We now make it that large for the rest of the document.
 This may cause the page layout to be inconsistent, however.

[38 <./images/webseite.pdf> <./images/labelserstellen.pdf>]

pdfTeX warning: pdflatex (file ./images/anforderung.pdf): PDF inclusion: found 
PDF version <1.6>, but at most version <1.5> allowed
<images/anforderung.pdf, id=689, 207.80536pt x 131.00745pt>
File: images/anforderung.pdf Graphic file (type pdf)

<use images/anforderung.pdf>
Package pdftex.def Info: images/anforderung.pdf used on input line 308.
(pdftex.def)             Requested size: 204.85986pt x 129.15404pt.


pdfTeX warning: pdflatex (file ./images/thumbs.pdf): PDF inclusion: found PDF v
ersion <1.6>, but at most version <1.5> allowed
<images/thumbs.pdf, id=692, 36.14001pt x 35.3871pt>
File: images/thumbs.pdf Graphic file (type pdf)
 <use images/thumbs.pdf>
Package pdftex.def Info: images/thumbs.pdf used on input line 318.
(pdftex.def)             Requested size: 20.48723pt x 20.0607pt.


pdfTeX warning: pdflatex (file ./images/cards.pdf): PDF inclusion: found PDF ve
rsion <1.6>, but at most version <1.5> allowed
<images/cards.pdf, id=693, 30.11671pt x 36.89293pt>
File: images/cards.pdf Graphic file (type pdf)
 <use images/cards.pdf>
Package pdftex.def Info: images/cards.pdf used on input line 323.
(pdftex.def)             Requested size: 20.48723pt x 25.09753pt.


pdfTeX warning: pdflatex (file ./images/stats.pdf): PDF inclusion: found PDF ve
rsion <1.6>, but at most version <1.5> allowed
<images/stats.pdf, id=694, 32.37546pt x 31.62254pt>
File: images/stats.pdf Graphic file (type pdf)
 <use images/stats.pdf>
Package pdftex.def Info: images/stats.pdf used on input line 328.
(pdftex.def)             Requested size: 20.48723pt x 20.01059pt.


pdfTeX warning: pdflatex (file ./images/flag.pdf): PDF inclusion: found PDF ver
sion <1.6>, but at most version <1.5> allowed
<images/flag.pdf, id=695, 28.61089pt x 33.12837pt>
File: images/flag.pdf Graphic file (type pdf)
 <use images/flag.pdf>
Package pdftex.def Info: images/flag.pdf used on input line 333.
(pdftex.def)             Requested size: 20.48723pt x 23.72299pt.


pdfTeX warning: pdflatex (file ./images/eye.pdf): PDF inclusion: found PDF vers
ion <1.6>, but at most version <1.5> allowed
<images/eye.pdf, id=696, 33.88129pt x 29.3638pt>
File: images/eye.pdf Graphic file (type pdf)
 <use images/eye.pdf>
Package pdftex.def Info: images/eye.pdf used on input line 338.
(pdftex.def)             Requested size: 20.48723pt x 17.75551pt.


pdfTeX warning: pdflatex (file ./images/ok.pdf): PDF inclusion: found PDF versi
on <1.6>, but at most version <1.5> allowed
<images/ok.pdf, id=697, 35.3871pt x 31.62254pt>
File: images/ok.pdf Graphic file (type pdf)
 <use images/ok.pdf>
Package pdftex.def Info: images/ok.pdf used on input line 343.
(pdftex.def)             Requested size: 20.48723pt x 18.30779pt.


pdfTeX warning: pdflatex (file ./images/ban.pdf): PDF inclusion: found PDF vers
ion <1.6>, but at most version <1.5> allowed
<images/ban.pdf, id=698, 33.88129pt x 36.14001pt>
File: images/ban.pdf Graphic file (type pdf)
 <use images/ban.pdf>
Package pdftex.def Info: images/ban.pdf used on input line 348.
(pdftex.def)             Requested size: 20.48723pt x 21.8529pt.


Package Fancyhdr Warning: \headheight is too small (17.0pt): 
 Make it at least 23.11996pt.
 We now make it that large for the rest of the document.
 This may cause the page layout to be inconsistent, however.

[39 <./images/labelzuordnen.pdf> <./images/anforderung.pdf>]

pdfTeX warning: pdflatex (file ./images/groupinfo.pdf): PDF inclusion: found PD
F version <1.6>, but at most version <1.5> allowed
<images/groupinfo.pdf, id=716, 207.80536pt x 45.928pt>
File: images/groupinfo.pdf Graphic file (type pdf)

<use images/groupinfo.pdf>
Package pdftex.def Info: images/groupinfo.pdf used on input line 356.
(pdftex.def)             Requested size: 204.85986pt x 45.27821pt.
File: images/flag.pdf Graphic file (type pdf)
 <use images/flag.pdf>
Package pdftex.def Info: images/flag.pdf used on input line 364.
(pdftex.def)             Requested size: 20.48723pt x 23.72299pt.
File: images/cards.pdf Graphic file (type pdf)
 <use images/cards.pdf>
Package pdftex.def Info: images/cards.pdf used on input line 369.
(pdftex.def)             Requested size: 20.48723pt x 25.09753pt.
File: images/thumbs.pdf Graphic file (type pdf)

<use images/thumbs.pdf>
Package pdftex.def Info: images/thumbs.pdf used on input line 374.
(pdftex.def)             Requested size: 20.48723pt x 20.0607pt.


pdfTeX warning: pdflatex (file ./images/files.pdf): PDF inclusion: found PDF ve
rsion <1.6>, but at most version <1.5> allowed
<images/files.pdf, id=719, 33.88129pt x 36.14001pt>
File: images/files.pdf Graphic file (type pdf)
 <use images/files.pdf>
Package pdftex.def Info: images/files.pdf used on input line 379.
(pdftex.def)             Requested size: 20.48723pt x 21.8529pt.

Overfull \hbox (12.23042pt too wide) in paragraph at lines 384--385
\T1/cmr/m/n/10.95 Neben die-sen In-for-ma-tio-nen ste-hen zahl-rei-che Filter-M
ethoden und Sortierungs-Methoden
 []


Package Fancyhdr Warning: \headheight is too small (17.0pt): 
 Make it at least 23.11996pt.
 We now make it that large for the rest of the document.
 This may cause the page layout to be inconsistent, however.

[40 <./images/thumbs.pdf> <./images/cards.pdf> <./images/stats.pdf> <./images/f
lag.pdf> <./images/eye.pdf> <./images/ok.pdf> <./images/ban.pdf> <./images/grou
pinfo.pdf> <./images/files.pdf>]

pdfTeX warning: pdflatex (file ./images/filter.pdf): PDF inclusion: found PDF v
ersion <1.6>, but at most version <1.5> allowed
<images/filter.pdf, id=763, 180.70009pt x 141.54883pt>
File: images/filter.pdf Graphic file (type pdf)
 <use images/filter.pdf>
Package pdftex.def Info: images/filter.pdf used on input line 387.
(pdftex.def)             Requested size: 204.85986pt x 160.48393pt.


pdfTeX warning: pdflatex (file ./images/filterergebnis.pdf): PDF inclusion: fou
nd PDF version <1.6>, but at most version <1.5> allowed
<images/filterergebnis.pdf, id=767, 470.57306pt x 645.25067pt>
File: images/filterergebnis.pdf Graphic file (type pdf)

<use images/filterergebnis.pdf>
Package pdftex.def Info: images/filterergebnis.pdf used on input line 415.
(pdftex.def)             Requested size: 204.85986pt x 280.90822pt.


Package Fancyhdr Warning: \headheight is too small (17.0pt): 
 Make it at least 23.11996pt.
 We now make it that large for the rest of the document.
 This may cause the page layout to be inconsistent, however.

[41 <./images/filter.pdf>]

pdfTeX warning: pdflatex (file ./images/sortierunggruppe.pdf): PDF inclusion: f
ound PDF version <1.6>, but at most version <1.5> allowed
<images/sortierunggruppe.pdf, id=785, 140.79602pt x 209.31099pt>
File: images/sortierunggruppe.pdf Graphic file (type pdf)

<use images/sortierunggruppe.pdf>
Package pdftex.def Info: images/sortierunggruppe.pdf used on input line 426.
(pdftex.def)             Requested size: 102.42993pt x 152.28152pt.


pdfTeX warning: pdflatex (file ./images/sortierunggesamt.pdf): PDF inclusion: f
ound PDF version <1.6>, but at most version <1.5> allowed
<images/sortierunggesamt.pdf, id=788, 136.27814pt x 163.38339pt>
File: images/sortierunggesamt.pdf Graphic file (type pdf)

<use images/sortierunggesamt.pdf>
Package pdftex.def Info: images/sortierunggesamt.pdf used on input line 434.
(pdftex.def)             Requested size: 102.42993pt x 122.80647pt.


pdfTeX warning: pdflatex (file ./images/sichtbarkeit.pdf): PDF inclusion: found
 PDF version <1.6>, but at most version <1.5> allowed
<images/sichtbarkeit.pdf, id=792, 423.13983pt x 33.12837pt>
File: images/sichtbarkeit.pdf Graphic file (type pdf)

<use images/sichtbarkeit.pdf>
Package pdftex.def Info: images/sichtbarkeit.pdf used on input line 445.
(pdftex.def)             Requested size: 409.71974pt x 32.07835pt.


Package Fancyhdr Warning: \headheight is too small (17.0pt): 
 Make it at least 23.11996pt.
 We now make it that large for the rest of the document.
 This may cause the page layout to be inconsistent, however.

[42 <./images/filterergebnis.pdf>]

Package Fancyhdr Warning: \headheight is too small (17.0pt): 
 Make it at least 23.11996pt.
 We now make it that large for the rest of the document.
 This may cause the page layout to be inconsistent, however.

[43 <./images/sortierunggruppe.pdf> <./images/sortierunggesamt.pdf> <./images/s
ichtbarkeit.pdf>]
chapter 5.

Underfull \hbox (badness 10000) in paragraph at lines 458--459

 []



pdfTeX warning: pdflatex (file ./images/1.pdf): PDF inclusion: found PDF versio
n <1.6>, but at most version <1.5> allowed
<images/1.pdf, id=827, 207.05255pt x 127.99619pt>
File: images/1.pdf Graphic file (type pdf)
 <use images/1.pdf>
Package pdftex.def Info: images/1.pdf used on input line 465.
(pdftex.def)             Requested size: 204.85986pt x 126.64236pt.


pdfTeX warning: pdflatex (file ./images/2.pdf): PDF inclusion: found PDF versio
n <1.6>, but at most version <1.5> allowed
<images/2.pdf, id=828, 207.05255pt x 176.93602pt>
File: images/2.pdf Graphic file (type pdf)
 <use images/2.pdf>
Package pdftex.def Info: images/2.pdf used on input line 471.
(pdftex.def)             Requested size: 204.85986pt x 175.06459pt.

Overfull \hbox (2.4216pt too wide) in paragraph at lines 461--473
[][] [] 
 []



pdfTeX warning: pdflatex (file ./images/3.pdf): PDF inclusion: found PDF versio
n <1.6>, but at most version <1.5> allowed
<images/3.pdf, id=829, 207.05255pt x 159.61833pt>
File: images/3.pdf Graphic file (type pdf)
 <use images/3.pdf>
Package pdftex.def Info: images/3.pdf used on input line 481.
(pdftex.def)             Requested size: 204.85986pt x 157.93007pt.


pdfTeX warning: pdflatex (file ./images/4.pdf): PDF inclusion: found PDF versio
n <1.6>, but at most version <1.5> allowed
<images/4.pdf, id=830, 207.05255pt x 127.99619pt>
File: images/4.pdf Graphic file (type pdf)
 <use images/4.pdf>
Package pdftex.def Info: images/4.pdf used on input line 488.
(pdftex.def)             Requested size: 204.85986pt x 126.64236pt.

Overfull \hbox (2.4216pt too wide) in paragraph at lines 476--490
[][] [] 
 []



pdfTeX warning: pdflatex (file ./images/5.pdf): PDF inclusion: found PDF versio
n <1.6>, but at most version <1.5> allowed
<images/5.pdf, id=831, 207.05255pt x 188.98204pt>
File: images/5.pdf Graphic file (type pdf)
 <use images/5.pdf>
Package pdftex.def Info: images/5.pdf used on input line 498.
(pdftex.def)             Requested size: 204.85986pt x 186.9832pt.


pdfTeX warning: pdflatex (file ./images/6.pdf): PDF inclusion: found PDF versio
n <1.6>, but at most version <1.5> allowed
<images/6.pdf, id=832, 207.05255pt x 207.80536pt>
File: images/6.pdf Graphic file (type pdf)
 <use images/6.pdf>
Package pdftex.def Info: images/6.pdf used on input line 505.
(pdftex.def)             Requested size: 204.85986pt x 205.60744pt.

Overfull \hbox (2.4216pt too wide) in paragraph at lines 493--507
[][] [] 
 []


Package Fancyhdr Warning: \headheight is too small (17.0pt): 
 Make it at least 23.11996pt.
 We now make it that large for the rest of the document.
 This may cause the page layout to be inconsistent, however.

[44


 <./images/1.pdf> <./images/2.pdf> <./images/3.pdf> <./images/4.pdf>]

pdfTeX warning: pdflatex (file ./images/7.pdf): PDF inclusion: found PDF versio
n <1.6>, but at most version <1.5> allowed
<images/7.pdf, id=853, 207.05255pt x 113.69075pt>
File: images/7.pdf Graphic file (type pdf)
 <use images/7.pdf>
Package pdftex.def Info: images/7.pdf used on input line 515.
(pdftex.def)             Requested size: 204.85986pt x 112.48825pt.


pdfTeX warning: pdflatex (file ./images/8.pdf): PDF inclusion: found PDF versio
n <1.6>, but at most version <1.5> allowed
<images/8.pdf, id=854, 207.80536pt x 159.61833pt>
File: images/8.pdf Graphic file (type pdf)
 <use images/8.pdf>
Package pdftex.def Info: images/8.pdf used on input line 522.
(pdftex.def)             Requested size: 204.85986pt x 157.36015pt.

Overfull \hbox (2.4216pt too wide) in paragraph at lines 510--524
[][] [] 
 []



pdfTeX warning: pdflatex (file ./images/9.pdf): PDF inclusion: found PDF versio
n <1.6>, but at most version <1.5> allowed
<images/9.pdf, id=855, 207.80536pt x 111.43231pt>
File: images/9.pdf Graphic file (type pdf)
 <use images/9.pdf>
Package pdftex.def Info: images/9.pdf used on input line 532.
(pdftex.def)             Requested size: 204.85986pt x 109.85583pt.


pdfTeX warning: pdflatex (file ./images/10.pdf): PDF inclusion: found PDF versi
on <1.6>, but at most version <1.5> allowed
<images/10.pdf, id=856, 207.80536pt x 192.7471pt>
File: images/10.pdf Graphic file (type pdf)
 <use images/10.pdf>
Package pdftex.def Info: images/10.pdf used on input line 539.
(pdftex.def)             Requested size: 204.85986pt x 190.02022pt.

Overfull \hbox (2.4216pt too wide) in paragraph at lines 527--541
[][] [] 
 []


Package Fancyhdr Warning: \headheight is too small (17.0pt): 
 Make it at least 23.11996pt.
 We now make it that large for the rest of the document.
 This may cause the page layout to be inconsistent, however.

[45 <./images/5.pdf> <./images/6.pdf> <./images/7.pdf> <./images/8.pdf>]

Package Fancyhdr Warning: \headheight is too small (17.0pt): 
 Make it at least 23.11996pt.
 We now make it that large for the rest of the document.
 This may cause the page layout to be inconsistent, however.

[46 <./images/9.pdf> <./images/10.pdf>]
Underfull \hbox (badness 10000) in paragraph at lines 545--546

 []


Underfull \hbox (badness 10000) in paragraph at lines 547--548

 []


Underfull \hbox (badness 10000) in paragraph at lines 549--550

 []


Underfull \hbox (badness 10000) in paragraph at lines 551--552

 []

)

Package Fancyhdr Warning: \headheight is too small (17.0pt): 
 Make it at least 23.11996pt.
 We now make it that large for the rest of the document.
 This may cause the page layout to be inconsistent, however.

[47


]
\openout2 = `chapter/verzeichnisse.aux'.

 (chapter/verzeichnisse.tex (draft.lof)
\tf@lof=\write9
\openout9 = `draft.lof'.

 (draft.nls

Package Fancyhdr Warning: \headheight is too small (17.0pt): 
 Make it at least 23.11996pt.
 We now make it that large for the rest of the document.
 This may cause the page layout to be inconsistent, however.

[48




]
Overfull \hbox (3.42407pt too wide) in paragraph at lines 13--15
[]\T1/cmr/m/n/10.95 Funktionale An-for-de-run-gen be-schrei-ben ge-wünsch-te Fu
nk-
 []


Package Fancyhdr Warning: \headheight is too small (17.0pt): 
 Make it at least 23.11996pt.
 We now make it that large for the rest of the document.
 This may cause the page layout to be inconsistent, however.

[49


])

Package Fancyhdr Warning: \headheight is too small (17.0pt): 
 Make it at least 23.11996pt.
 We now make it that large for the rest of the document.
 This may cause the page layout to be inconsistent, however.

[50]

Package Fancyhdr Warning: \headheight is too small (17.0pt): 
 Make it at least 23.11996pt.
 We now make it that large for the rest of the document.
 This may cause the page layout to be inconsistent, however.

[51


] (draft.bbl
Underfull \hbox (badness 5893) in paragraph at lines 16--23
\T1/cmr/m/sc/10.95 betriebswirtschaft-lernen.net\T1/cmr/m/n/10.95 :  \T1/cmr/m/
it/10.95 CO-CO-MO (Con-struc-ti-ve Cost Mo-
 []

("C:\Program Files\MiKTeX 2.9\tex\latex\ucs\uni-32.def"
File: uni-32.def 2013/05/13 UCS: Unicode data U+2000..U+20FF
)
Underfull \hbox (badness 3701) in paragraph at lines 38--44
\T1/cmr/m/sc/10.95 Die SO-PHIS-Ten\T1/cmr/m/n/10.95 :  \T1/cmr/m/it/10.95 Scha
-blo-nen für al-le Fäl-le\T1/cmr/m/n/10.95 .  2013. --  [][]$\T1/cmtt/m/n/10.9
5 https :
 []


Underfull \hbox (badness 10000) in paragraph at lines 38--44
\T1/cmtt/m/n/10.95 / / www . sophist . de / filead m in / SOPHIST / Puplikation
en / Broschueren /
 []


Underfull \hbox (badness 7397) in paragraph at lines 62--68
\T1/cmr/m/sc/10.95 Dr. Jür-gen Fleig\T1/cmr/m/n/10.95 :  \T1/cmr/m/it/10.95 Was
 sind Sta-ke-hol-der und was be-deu-tet das
 []


Underfull \hbox (badness 6078) in paragraph at lines 62--68
\T1/cmr/m/it/10.95 Stakeholder-Konzept?  \T1/cmr/m/n/10.95 2016. --  [][]$\T1/c
mtt/m/n/10.95 https : / / www . business-[]wissen . de / hb /
 []


Underfull \hbox (badness 2134) in paragraph at lines 62--68
\T1/cmtt/m/n/10.95 was-[]sind-[]stakeholder-[]und-[]was-[]bedeutet-[]das-[]stak
eholder-[]konzept/$[][]\T1/cmr/m/n/10.95 . Sich-
 []


Underfull \hbox (badness 10000) in paragraph at lines 70--76
\T1/cmtt/m/n/10.95 fernuni-[]hagen . de / i m peria / md / content / ps / maste
rarbeit-[]harwardt . pdf$[][]\T1/cmr/m/n/10.95 .
 []


Underfull \hbox (badness 10000) in paragraph at lines 85--91
\T1/cmtt/m/n/10.95 durch-[]lernen-[]zu m -[]er f olg . de / lexikon / penalty-[
]reward-[] f aktoren-[]ansatz/$[][]\T1/cmr/m/n/10.95 .
 []


Package Fancyhdr Warning: \headheight is too small (17.0pt): 
 Make it at least 23.11996pt.
 We now make it that large for the rest of the document.
 This may cause the page layout to be inconsistent, however.

[52


]
Underfull \hbox (badness 3503) in paragraph at lines 101--107
\T1/cmr/m/sc/10.95 Preuss\T1/cmr/m/n/10.95 , Se-bas-ti-an:  \T1/cmr/m/it/10.95 
Scrum-Projekte: Be-schät-zun-gen auf Ba-sis von Sto-
 []


Underfull \hbox (badness 1189) in paragraph at lines 101--107
\T1/cmr/m/it/10.95 ry Points\T1/cmr/m/n/10.95 .  2013. --  [][]$\T1/cmtt/m/n/10
.95 https : / / blog . seibert-[] m edia . net / blog / 2013 / 03 / 07 /
 []


Underfull \hbox (badness 10000) in paragraph at lines 101--107
\T1/cmtt/m/n/10.95 scru m -[]projekte-[]beschaetzungen-[]au f -[]basis-[]von-[]
story-[]points/$[][]\T1/cmr/m/n/10.95 . Sich-tung:
 []


Underfull \hbox (badness 1253) in paragraph at lines 125--132
\T1/cmr/m/it/10.95 Fort-ge-schrit-te-ne\T1/cmr/m/n/10.95 .  2017. --  [][]$\T1/
cmtt/m/n/10.95 http : / / zugang . sophist . de / DownloadDB . ns f /0 /
 []


Underfull \hbox (badness 10000) in paragraph at lines 125--132
\T1/cmtt/m/n/10.95 2e76d f 6e9 f b899b f c125770b00577666 / $FILE / Require m e
nts % 20Engineering %
 []


Underfull \hbox (badness 10000) in paragraph at lines 125--132
\T1/cmtt/m/n/10.95 20 & %20Manage m ent ,[] %205 . %20Au f lage % 20-[] % 20Kap
 % 205 % 20Er m ittlung . pd f #$[][]\T1/cmr/m/n/10.95 .
 []


Underfull \hbox (badness 10000) in paragraph at lines 150--156
\T1/cmtt/m/n/10.95 arburg . de / fb12 / arbeitsgruppen / swt / lehre / files / 
est1415 / EST141028 . pdf$[][]\T1/cmr/m/n/10.95 .
 []


Underfull \hbox (badness 10000) in paragraph at lines 158--165
\T1/cmr/m/sc/10.95 Wei-gand, Flo-ri-an\T1/cmr/m/n/10.95 :  \T1/cmr/m/it/10.95 A
uf-wands-schat-zung in IT-Groÿprojekten
 []


Underfull \hbox (badness 10000) in paragraph at lines 158--165
\T1/cmr/m/it/10.95  Func-ti-on Point Me-tho-de\T1/cmr/m/n/10.95 .  2017. --  [
][]$\T1/cmtt/m/n/10.95 https : / / www m atthes . in .
 []


Underfull \hbox (badness 10000) in paragraph at lines 158--165
\T1/cmtt/m/n/10.95 tu m .de / file / std m z5ua8sr7 / Sebis-[]Public-[]Website 
/ -[] / Prose m inar /
 []


Package Fancyhdr Warning: \headheight is too small (17.0pt): 
 Make it at least 23.11996pt.
 We now make it that large for the rest of the document.
 This may cause the page layout to be inconsistent, however.

[53]
Underfull \hbox (badness 2088) in paragraph at lines 167--173
\T1/cmr/m/n/10.95 --  [][]$\T1/cmtt/m/n/10.95 http : / / www . itwissen . in f 
o / Function-[]Point-[]Methode-[] f unction-[]point-[] m
 []


Underfull \hbox (badness 10000) in paragraph at lines 175--181
\T1/cmtt/m/n/10.95 wandsch % C3 % A4tzung _ i m _Vergleich # Methoden _ der _ A
u f wandsch . C3 . A4tzung$[][]\T1/cmr/m/n/10.95 .
 []

))

Package Fancyhdr Warning: \headheight is too small (17.0pt): 
 Make it at least 23.11996pt.
 We now make it that large for the rest of the document.
 This may cause the page layout to be inconsistent, however.

[54]
\openout2 = `chapter/anhang.aux'.

 (chapter/anhang.tex [55




]
chapter A.


pdfTeX warning: pdflatex (file ./anhang/Fragebogen.pdf): PDF inclusion: found P
DF version <1.7>, but at most version <1.5> allowed
<anhang/Fragebogen.pdf, id=1014, 597.55246pt x 845.07718pt>
File: anhang/Fragebogen.pdf Graphic file (type pdf)

<use anhang/Fragebogen.pdf>
Package pdftex.def Info: anhang/Fragebogen.pdf used on input line 17.
(pdftex.def)             Requested size: 597.551pt x 845.07512pt.


pdfTeX warning: pdflatex (file ./anhang/Fragebogen.pdf): PDF inclusion: found P
DF version <1.7>, but at most version <1.5> allowed
File: anhang/Fragebogen.pdf Graphic file (type pdf)
<use anhang/Fragebogen.pdf>
Package pdftex.def Info: anhang/Fragebogen.pdf used on input line 17.
(pdftex.def)             Requested size: 597.551pt x 845.07512pt.


pdfTeX warning: pdflatex (file ./anhang/Fragebogen.pdf): PDF inclusion: found P
DF version <1.7>, but at most version <1.5> allowed


pdfTeX warning: pdflatex (file ./anhang/Fragebogen.pdf): PDF inclusion: found P
DF version <1.7>, but at most version <1.5> allowed
<anhang/Fragebogen.pdf, id=1017, page=1, 597.55246pt x 845.07718pt>
File: anhang/Fragebogen.pdf Graphic file (type pdf)

<use anhang/Fragebogen.pdf, page 1>
Package pdftex.def Info: anhang/Fragebogen.pdf, page1 used on input line 17.
(pdftex.def)             Requested size: 389.2325pt x 550.47998pt.
File: anhang/Fragebogen.pdf Graphic file (type pdf)
 <use anhang/Fragebogen.pdf, page 1>
Package pdftex.def Info: anhang/Fragebogen.pdf, page1 used on input line 17.
(pdftex.def)             Requested size: 917.83562pt x 1298.03156pt.
File: anhang/Fragebogen.pdf Graphic file (type pdf)

<use anhang/Fragebogen.pdf, page 1>
Package pdftex.def Info: anhang/Fragebogen.pdf, page1 used on input line 17.
(pdftex.def)             Requested size: 917.83562pt x 1298.03156pt.
File: anhang/Fragebogen.pdf Graphic file (type pdf)
 <use anhang/Fragebogen.pdf, page 1>
Package pdftex.def Info: anhang/Fragebogen.pdf, page1 used on input line 17.
(pdftex.def)             Requested size: 917.83562pt x 1298.03156pt.
File: anhang/Fragebogen.pdf Graphic file (type pdf)

<use anhang/Fragebogen.pdf>
Package pdftex.def Info: anhang/Fragebogen.pdf used on input line 20.
(pdftex.def)             Requested size: 597.551pt x 845.07512pt.


pdfTeX warning: pdflatex (file ./anhang/Fragebogen.pdf): PDF inclusion: found P
DF version <1.7>, but at most version <1.5> allowed
File: anhang/Fragebogen.pdf Graphic file (type pdf)
<use anhang/Fragebogen.pdf>
Package pdftex.def Info: anhang/Fragebogen.pdf used on input line 20.
(pdftex.def)             Requested size: 597.551pt x 845.07512pt.


pdfTeX warning: pdflatex (file ./anhang/Fragebogen.pdf): PDF inclusion: found P
DF version <1.7>, but at most version <1.5> allowed


pdfTeX warning: pdflatex (file ./anhang/Fragebogen.pdf): PDF inclusion: found P
DF version <1.7>, but at most version <1.5> allowed
<anhang/Fragebogen.pdf, id=1020, page=2, 597.55246pt x 845.07718pt>
File: anhang/Fragebogen.pdf Graphic file (type pdf)

<use anhang/Fragebogen.pdf, page 2>
Package pdftex.def Info: anhang/Fragebogen.pdf, page2 used on input line 20.
(pdftex.def)             Requested size: 389.2325pt x 550.47998pt.
File: anhang/Fragebogen.pdf Graphic file (type pdf)
 <use anhang/Fragebogen.pdf, page 2>
Package pdftex.def Info: anhang/Fragebogen.pdf, page2 used on input line 20.
(pdftex.def)             Requested size: 917.83562pt x 1298.03156pt.
File: anhang/Fragebogen.pdf Graphic file (type pdf)

<use anhang/Fragebogen.pdf, page 1>
Package pdftex.def Info: anhang/Fragebogen.pdf, page1 used on input line 20.
(pdftex.def)             Requested size: 917.83562pt x 1298.03156pt.
 [56


 <./anhang/Fragebogen.pdf>]
File: anhang/Fragebogen.pdf Graphic file (type pdf)

<use anhang/Fragebogen.pdf, page 2>
Package pdftex.def Info: anhang/Fragebogen.pdf, page2 used on input line 20.
(pdftex.def)             Requested size: 917.83562pt x 1298.03156pt.
File: anhang/Fragebogen.pdf Graphic file (type pdf)
 <use anhang/Fragebogen.pdf, page 2>
Package pdftex.def Info: anhang/Fragebogen.pdf, page2 used on input line 20.
(pdftex.def)             Requested size: 917.83562pt x 1298.03156pt.
File: anhang/Fragebogen.pdf Graphic file (type pdf)

<use anhang/Fragebogen.pdf, page 2>
Package pdftex.def Info: anhang/Fragebogen.pdf, page2 used on input line 20.
(pdftex.def)             Requested size: 917.83562pt x 1298.03156pt.
 [57 <./anhang/Fragebogen.pdf>])
\openout2 = `chapter/eid.aux'.


(chapter/eid.tex

pdfTeX warning: pdflatex (file ./images/Unterschrift.pdf): PDF inclusion: found
 PDF version <1.6>, but at most version <1.5> allowed
<images/Unterschrift.pdf, id=1043, 885.3075pt x 325.215pt>
File: images/Unterschrift.pdf Graphic file (type pdf)

<use images/Unterschrift.pdf>
Package pdftex.def Info: images/Unterschrift.pdf used on input line 11.
(pdftex.def)             Requested size: 122.91716pt x 45.15265pt.

Underfull \hbox (badness 10000) in paragraph at lines 4--13

 []


Underfull \hbox (badness 10000) in paragraph at lines 4--13

 []

)

Package Fancyhdr Warning: \headheight is too small (17.0pt): 
 Make it at least 23.11996pt.
 We now make it that large for the rest of the document.
 This may cause the page layout to be inconsistent, however.

[58




 <./images/Unterschrift.pdf>]
Package atveryend Info: Empty hook `BeforeClearDocument' on input line 62.
Package atveryend Info: Empty hook `AfterLastShipout' on input line 62.
 (draft.aux (chapter/titelseite.aux)
(chapter/abstract.aux) (chapter/inhaltsverzeichnis.aux) (chapter/vorwort.aux)
(chapter/motivation.aux) (chapter/grundlagen.aux) (chapter/umsetzung.aux)
(chapter/verzeichnisse.aux) (chapter/anhang.aux) (chapter/eid.aux))
Package atveryend Info: Executing hook `AtVeryEndDocument' on input line 62.
Package atveryend Info: Executing hook `AtEndAfterFileList' on input line 62.
Package rerunfilecheck Info: File `draft.out' has not changed.
(rerunfilecheck)             Checksum: FB419A409F3E23D18D6DC7BF37D868A5;3479.
 ) 
Here is how much of TeX's memory you used:
 26425 strings out of 493333
 464821 string characters out of 3139188
 651771 words of memory out of 3000000
 29106 multiletter control sequences out of 15000+200000
 26352 words of font info for 56 fonts, out of 3000000 for 9000
 1141 hyphenation exceptions out of 8191
 77i,18n,69p,8835b,746s stack positions out of 5000i,500n,10000p,200000b,50000s
 <C:\Users\Florian\AppData\Local\MiKTeX\2.9\fonts\pk\ljfour\jknappen\ec\dpi60
0\ecsx2488.pk> <C:\Users\Florian\AppData\Local\MiKTeX\2.9\fonts\pk\ljfour\jknap
pen\ec\dpi600\eccc1095.pk> <C:\Users\Florian\AppData\Local\MiKTeX\2.9\fonts\pk\
ljfour\jknappen\ec\dpi600\ecbx0900.pk> <C:\Users\Florian\AppData\Local\MiKTeX\2
.9\fonts\pk\ljfour\jknappen\ec\dpi600\ecti0900.pk> <C:\Users\Florian\AppData\Lo
cal\MiKTeX\2.9\fonts\pk\ljfour\jknappen\ec\dpi600\ectt1095.pk> <C:\Users\Floria
n\AppData\Local\MiKTeX\2.9\fonts\pk\ljfour\jknappen\ec\dpi600\tcrm1095.pk> <C:\
Users\Florian\AppData\Local\MiKTeX\2.9\fonts\pk\ljfour\jknappen\ec\dpi600\ecbx1
095.pk> <C:\Users\Florian\AppData\Local\MiKTeX\2.9\fonts\pk\ljfour\jknappen\ec\
dpi600\ecrm0600.pk> <C:\Users\Florian\AppData\Local\MiKTeX\2.9\fonts\pk\ljfour\
jknappen\ec\dpi600\ecrm0800.pk> <C:\Users\Florian\AppData\Local\MiKTeX\2.9\font
s\pk\ljfour\jknappen\ec\dpi600\ecti1095.pk> <C:\Users\Florian\AppData\Local\MiK
TeX\2.9\fonts\pk\ljfour\jknappen\ec\dpi600\ecsx1200.pk> <C:\Users\Florian\AppDa
ta\Local\MiKTeX\2.9\fonts\pk\ljfour\jknappen\ec\dpi600\ecsx1440.pk> <C:\Users\F
lorian\AppData\Local\MiKTeX\2.9\fonts\pk\ljfour\jknappen\ec\dpi600\ecsx1095.pk>
 <C:\Users\Florian\AppData\Local\MiKTeX\2.9\fonts\pk\ljfour\jknappen\ec\dpi600\
ecrm0900.pk> <C:\Users\Florian\AppData\Local\MiKTeX\2.9\fonts\pk\ljfour\jknappe
n\ec\dpi600\ecsx2074.pk> <C:\Users\Florian\AppData\Local\MiKTeX\2.9\fonts\pk\lj
four\jknappen\ec\dpi600\ecbx1200.pk> <C:\Users\Florian\AppData\Local\MiKTeX\2.9
\fonts\pk\ljfour\jknappen\ec\dpi600\ecrm1000.pk> <C:\Users\Florian\AppData\Loca
l\MiKTeX\2.9\fonts\pk\ljfour\jknappen\ec\dpi600\ecrm1095.pk> <C:\Users\Florian\
AppData\Local\MiKTeX\2.9\fonts\pk\ljfour\jknappen\ec\dpi600\eccc1200.pk> <C:\Us
ers\Florian\AppData\Local\MiKTeX\2.9\fonts\pk\ljfour\jknappen\ec\dpi600\ecrm120
0.pk> <C:\Users\Florian\AppData\Local\MiKTeX\2.9\fonts\pk\ljfour\jknappen\ec\dp
i600\eccc1728.pk> <C:\Users\Florian\AppData\Local\MiKTeX\2.9\fonts\pk\ljfour\jk
nappen\ec\dpi600\ecrm1728.pk> <C:\Users\Florian\AppData\Local\MiKTeX\2.9\fonts\
pk\ljfour\jknappen\ec\dpi600\ecbx2074.pk><C:/Program Files/MiKTeX 2.9/fonts/typ
e1/public/amsfonts/cm/cmex10.pfb><C:/Program Files/MiKTeX 2.9/fonts/type1/publi
c/amsfonts/cm/cmmi10.pfb><C:/Program Files/MiKTeX 2.9/fonts/type1/public/amsfon
ts/cm/cmr10.pfb><C:/Program Files/MiKTeX 2.9/fonts/type1/public/amsfonts/cm/cmr
8.pfb><C:/Program Files/MiKTeX 2.9/fonts/type1/public/amsfonts/cm/cmsy10.pfb>
Output written on draft.pdf (58 pages, 11999495 bytes).
PDF statistics:
 1976 PDF objects out of 2073 (max. 8388607)
 215 named destinations out of 1000 (max. 500000)
 683 words of extra memory for PDF output out of 10000 (max. 10000000)

