\BOOKMARK [0][-]{chapter*.3}{Vorwort}{}% 1
\BOOKMARK [0][-]{chapter.1}{Motivation}{}% 2
\BOOKMARK [1][-]{section.1.1}{Ausgangssituation}{chapter.1}% 3
\BOOKMARK [1][-]{section.1.2}{Problemstellung}{chapter.1}% 4
\BOOKMARK [1][-]{section.1.3}{L\366sungsansatz}{chapter.1}% 5
\BOOKMARK [0][-]{chapter.2}{Theorie}{}% 6
\BOOKMARK [1][-]{section.2.1}{Requirements Engineering}{chapter.2}% 7
\BOOKMARK [2][-]{subsection.2.1.1}{Einfluss von Requirements Engineering auf das Projekt}{section.2.1}% 8
\BOOKMARK [1][-]{section.2.2}{Stakeholder}{chapter.2}% 9
\BOOKMARK [1][-]{section.2.3}{Anforderungen}{chapter.2}% 10
\BOOKMARK [2][-]{subsection.2.3.1}{Funktionale Anforderungen}{section.2.3}% 11
\BOOKMARK [2][-]{subsection.2.3.2}{Nicht-Funktionale Anforderungen}{section.2.3}% 12
\BOOKMARK [1][-]{section.2.4}{Kano-Modell}{chapter.2}% 13
\BOOKMARK [1][-]{section.2.5}{Penalty-Reward-Faktoren Ansatz}{chapter.2}% 14
\BOOKMARK [1][-]{section.2.6}{Anforderungen Ermitteln}{chapter.2}% 15
\BOOKMARK [2][-]{subsection.2.6.1}{Kreativit\344tstechniken}{section.2.6}% 16
\BOOKMARK [2][-]{subsection.2.6.2}{Beobachtungstechniken}{section.2.6}% 17
\BOOKMARK [2][-]{subsection.2.6.3}{Befragungstechniken}{section.2.6}% 18
\BOOKMARK [1][-]{section.2.7}{Dokumentation}{chapter.2}% 19
\BOOKMARK [2][-]{subsection.2.7.1}{User-Storys}{section.2.7}% 20
\BOOKMARK [2][-]{subsection.2.7.2}{Use-Cases}{section.2.7}% 21
\BOOKMARK [2][-]{subsection.2.7.3}{Technical Storys}{section.2.7}% 22
\BOOKMARK [2][-]{subsection.2.7.4}{FunctionsMASTeR}{section.2.7}% 23
\BOOKMARK [1][-]{section.2.8}{Validation}{chapter.2}% 24
\BOOKMARK [1][-]{section.2.9}{Auswertung}{chapter.2}% 25
\BOOKMARK [2][-]{subsection.2.9.1}{Function-Point-Analyse}{section.2.9}% 26
\BOOKMARK [2][-]{subsection.2.9.2}{Story-Points}{section.2.9}% 27
\BOOKMARK [0][-]{chapter.3}{Umsetzung}{}% 28
\BOOKMARK [1][-]{section.3.1}{Ermittlung}{chapter.3}% 29
\BOOKMARK [1][-]{section.3.2}{Zielgruppe}{chapter.3}% 30
\BOOKMARK [1][-]{section.3.3}{Dokumentation}{chapter.3}% 31
\BOOKMARK [2][-]{subsection.3.3.1}{Formulierung}{section.3.3}% 32
\BOOKMARK [1][-]{section.3.4}{Auswertung}{chapter.3}% 33
\BOOKMARK [2][-]{subsection.3.4.1}{Validation}{section.3.4}% 34
\BOOKMARK [2][-]{subsection.3.4.2}{Gruppierung}{section.3.4}% 35
\BOOKMARK [2][-]{subsection.3.4.3}{Priorisierung}{section.3.4}% 36
\BOOKMARK [2][-]{subsection.3.4.4}{Aufwandssch\344tzung}{section.3.4}% 37
\BOOKMARK [0][-]{chapter.4}{Visualisierung der Ergebnisse}{}% 38
\BOOKMARK [1][-]{section.4.1}{Excel}{chapter.4}% 39
\BOOKMARK [1][-]{section.4.2}{Website}{chapter.4}% 40
\BOOKMARK [2][-]{subsection.4.2.1}{Gruppen}{section.4.2}% 41
\BOOKMARK [2][-]{subsection.4.2.2}{Labels}{section.4.2}% 42
\BOOKMARK [2][-]{subsection.4.2.3}{Informationen}{section.4.2}% 43
\BOOKMARK [2][-]{subsection.4.2.4}{Filter/Suche}{section.4.2}% 44
\BOOKMARK [2][-]{subsection.4.2.5}{Sortierung}{section.4.2}% 45
\BOOKMARK [2][-]{subsection.4.2.6}{Sichtbarkeit}{section.4.2}% 46
\BOOKMARK [0][-]{chapter.5}{Ergebnisse}{}% 47
\BOOKMARK [0][-]{chapter*.25}{Fazit}{}% 48
\BOOKMARK [0][-]{chapter*.26}{Abbildungsverzeichnis}{}% 49
\BOOKMARK [0][-]{chapter*.27}{Glossar}{}% 50
\BOOKMARK [0][-]{chapter*.28}{Abk\374rzungsverzeichnis}{}% 51
\BOOKMARK [0][-]{chapter*.28}{Literaturverzeichnis}{}% 52
\BOOKMARK [0][-]{section*.30}{ANHANG}{}% 53
\BOOKMARK [0][-]{ANHANG.1.A}{Fragebogen}{}% 54
\BOOKMARK [0][-]{chapter*.33}{Eidesstattliche Erkl\344rung}{}% 55
